2026-07-18 20:50:58,250 Resuming from checkpoint: page 37, page_token='b2Zmc2V0PTcwMA=='
2026-07-18 20:06:07,642 Rate limited (attempt 1/20). Waiting 15.7s...
2026-07-18 20:06:23,569 Rate limited (attempt 2/20). Waiting 30.3s...
2026-07-18 20:06:59,721 Rate limited (attempt 1/20). Waiting 15.4s...
2026-07-18 20:07:20,960 Rate limited (attempt 1/20). Waiting 15.3s...
2026-07-18 20:07:36,454 Rate limited (attempt 2/20). Waiting 30.2s...
2026-07-18 20:08:06,853 Rate limited (attempt 3/20). Waiting 60.1s...
2026-07-18 20:09:12,885 Rate limited (attempt 1/20). Waiting 15.2s...
2026-07-18 20:09:39,792 Rate limited (attempt 1/20). Waiting 15.3s...
2026-07-18 20:10:00,980 Rate limited (attempt 1/20). Waiting 15.4s...
2026-07-18 20:10:16,546 Rate limited (attempt 2/20). Waiting 30.5s...
2026-07-18 20:10:52,881 Rate limited (attempt 1/20). Waiting 15.4s...
2026-07-18 20:11:08,470 Rate limited (attempt 2/20). Waiting 30.6s...
2026-07-18 20:11:50,744 Rate limited (attempt 1/20). Waiting 15.7s...
2026-07-18 20:12:06,614 Rate limited (attempt 2/20). Waiting 30.9s...
2026-07-18 20:12:37,650 Rate limited (attempt 3/20). Waiting 60.1s...
2026-07-18 20:13:37,921 Rate limited (attempt 4/20). Waiting 100.9s...
2026-07-18 20:15:18,950 Rate limited (attempt 5/20). Waiting 100.4s...
2026-07-18 20:17:05,694 Rate limited (attempt 1/20). Waiting 15.8s...
2026-07-18 20:17:21,720 Rate limited (attempt 2/20). Waiting 30.4s...
2026-07-18 20:17:57,885 Rate limited (attempt 1/20). Waiting 15.7s...
2026-07-18 20:18:13,814 Rate limited (attempt 2/20). Waiting 30.6s...
2026-07-18 20:18:44,575 Rate limited (attempt 3/20). Waiting 60.5s...
2026-07-18 20:19:56,809 Rate limited (attempt 1/20). Waiting 15.2s...
2026-07-18 20:20:12,380 Rate limited (attempt 2/20). Waiting 31.0s...
2026-07-18 20:20:43,534 Rate limited (attempt 3/20). Waiting 60.6s...
2026-07-18 20:21:49,981 Rate limited (attempt 1/20). Waiting 15.1s...
2026-07-18 20:22:16,884 Rate limited (attempt 1/20). Waiting 15.5s...
2026-07-18 20:22:32,590 Rate limited (attempt 2/20). Waiting 30.2s...
2026-07-18 20:23:03,024 Rate limited (attempt 3/20). Waiting 60.9s...
2026-07-18 20:24:11,823 Rate limited (attempt 1/20). Waiting 15.3s...
2026-07-18 20:24:27,415 Rate limited (attempt 2/20). Waiting 30.5s...
2026-07-18 20:25:03,800 Rate limited (attempt 1/20). Waiting 15.5s...
2026-07-18 20:25:19,471 Rate limited (attempt 2/20). Waiting 30.5s...
2026-07-18 20:25:55,847 Rate limited (attempt 1/20). Waiting 15.8s...
2026-07-18 20:26:11,902 Rate limited (attempt 2/20). Waiting 30.8s...
2026-07-18 20:26:42,910 Rate limited (attempt 3/20). Waiting 60.6s...
2026-07-18 20:27:43,649 Rate limited (attempt 4/20). Waiting 100.8s...
2026-07-18 20:29:24,705 Rate limited (attempt 5/20). Waiting 100.9s...
2026-07-18 20:31:05,806 Rate limited (attempt 6/20). Waiting 100.9s...
2026-07-18 20:32:58,763 Rate limited (attempt 1/20). Waiting 15.8s...
2026-07-18 20:33:14,855 Rate limited (attempt 2/20). Waiting 31.0s...
2026-07-18 20:33:45,989 Rate limited (attempt 3/20). Waiting 60.3s...
2026-07-18 20:34:46,480 Rate limited (attempt 4/20). Waiting 100.3s...
2026-07-18 20:36:26,985 Rate limited (attempt 5/20). Waiting 100.1s...
2026-07-18 20:38:12,919 Rate limited (attempt 1/20). Waiting 15.5s...
2026-07-18 20:38:28,620 Rate limited (attempt 2/20). Waiting 30.5s...
2026-07-18 20:39:16,817 Rate limited (attempt 1/20). Waiting 15.9s...
2026-07-18 20:39:38,882 Rate limited (attempt 1/20). Waiting 15.1s...
2026-07-18 20:39:59,858 Rate limited (attempt 1/20). Waiting 15.3s...
2026-07-18 20:40:32,826 Rate limited (attempt 1/20). Waiting 15.0s...
2026-07-18 20:40:53,747 Rate limited (attempt 1/20). Waiting 15.8s...
2026-07-18 20:41:09,800 Rate limited (attempt 2/20). Waiting 30.8s...
2026-07-18 20:41:40,799 Rate limited (attempt 3/20). Waiting 60.2s...
2026-07-18 20:42:46,747 Rate limited (attempt 1/20). Waiting 15.3s...
2026-07-18 20:43:13,922 Rate limited (attempt 1/20). Waiting 15.6s...
2026-07-18 20:43:29,667 Rate limited (attempt 2/20). Waiting 31.0s...
2026-07-18 20:44:00,817 Rate limited (attempt 3/20). Waiting 60.7s...
2026-07-18 20:45:01,676 Rate limited (attempt 4/20). Waiting 100.8s...
2026-07-18 20:46:42,764 Rate limited (attempt 5/20). Waiting 100.2s...
2026-07-18 20:58:42,186 Resuming from checkpoint: page 37, page_token='b2Zmc2V0PTcwMA=='
2026-07-18 20:58:47,458 Page 37: 20 creator(s) (total so far: 20). page_token='b2Zmc2V0PTcyMA=='
2026-07-18 20:58:53,234 Page 38: 20 creator(s) (total so far: 40). page_token='b2Zmc2V0PTc0MA=='
2026-07-18 20:58:58,908 Page 39: 20 creator(s) (total so far: 60). page_token='b2Zmc2V0PTc2MA=='
2026-07-18 20:59:04,929 Page 40: 20 creator(s) (total so far: 80). page_token='b2Zmc2V0PTc4MA=='
2026-07-18 20:59:10,662 Page 41: 20 creator(s) (total so far: 100). page_token='b2Zmc2V0PTgwMA=='
2026-07-18 20:59:15,747 Rate limited (attempt 1/10). Waiting 15.3s...
2026-07-18 20:59:31,294 Rate limited (attempt 2/10). Waiting 30.2s...
2026-07-18 21:00:01,712 Rate limited (attempt 3/10). Waiting 45.4s...
2026-07-18 21:00:47,865 Page 42: 20 creator(s) (total so far: 120). page_token='b2Zmc2V0PTgyMA=='
2026-07-18 21:00:52,966 Rate limited (attempt 1/10). Waiting 15.0s...
2026-07-18 21:01:09,022 Page 43: 20 creator(s) (total so far: 140). page_token='b2Zmc2V0PTg0MA=='
2026-07-18 21:01:14,878 Page 44: 20 creator(s) (total so far: 160). page_token='b2Zmc2V0PTg2MA=='
2026-07-18 21:01:20,014 Rate limited (attempt 1/10). Waiting 15.4s...
2026-07-18 21:01:35,721 Rate limited (attempt 2/10). Waiting 30.4s...
2026-07-18 21:02:06,924 Page 45: 20 creator(s) (total so far: 180). page_token='b2Zmc2V0PTg4MA=='
2026-07-18 21:02:12,020 Rate limited (attempt 1/10). Waiting 15.8s...
2026-07-18 21:02:28,020 Rate limited (attempt 2/10). Waiting 30.1s...
2026-07-18 21:02:58,775 Page 46: 20 creator(s) (total so far: 200). page_token='b2Zmc2V0PTkwMA=='
2026-07-18 21:03:03,861 Rate limited (attempt 1/10). Waiting 15.3s...
2026-07-18 21:03:19,844 Page 47: 20 creator(s) (total so far: 220). page_token='b2Zmc2V0PTkyMA=='
2026-07-18 21:03:25,070 Rate limited (attempt 1/10). Waiting 15.4s...
2026-07-18 21:03:40,689 Rate limited (attempt 2/10). Waiting 30.8s...
2026-07-18 21:04:11,790 Rate limited (attempt 3/10). Waiting 45.1s...
2026-07-18 21:04:57,728 Page 48: 20 creator(s) (total so far: 240). page_token='b2Zmc2V0PTk0MA=='
2026-07-18 21:05:02,839 Rate limited (attempt 1/10). Waiting 15.1s...
2026-07-18 21:06:09,814 Resuming from checkpoint: page 48, page_token='b2Zmc2V0PTk0MA=='
2026-07-18 21:10:07,113 Resuming from checkpoint: page 48, page_token='b2Zmc2V0PTk0MA=='
2026-07-18 21:10:09,974 Rate limited (attempt 1/10). Waiting 15.6s...
2026-07-18 21:10:25,779 Rate limited (attempt 2/10). Waiting 30.7s...
2026-07-18 21:10:56,633 Rate limited (attempt 3/10). Waiting 45.9s...
2026-07-18 21:11:16,937 Resuming from checkpoint: page 48, page_token='b2Zmc2V0PTk0MA=='
2026-07-18 21:11:25,353 Rate limited (attempt 1/10). Waiting 15.5s...
2026-07-18 21:11:41,005 Rate limited (attempt 2/10). Waiting 30.8s...
2026-07-18 21:11:20,227 Page 48: 20 creator(s) (total so far: 960). page_token='b2Zmc2V0PTk2MA=='
2026-07-18 21:16:20,735 Resuming from checkpoint: page 49, page_token='b2Zmc2V0PTk2MA=='
2026-07-18 21:16:52,960 Rate limited (attempt 1/10). Waiting 15.5s...
2026-07-18 21:17:07,869 Resuming from checkpoint: page 49, page_token='b2Zmc2V0PTk2MA=='
2026-07-18 21:17:21,824 Resuming from checkpoint: page 49, page_token='b2Zmc2V0PTk2MA=='
2026-07-18 21:17:23,826 Rate limited (attempt 1/10). Waiting 15.2s...
2026-07-18 21:17:39,940 Page 49: 20 creator(s) (total so far: 980). page_token='b2Zmc2V0PTk4MA=='
2026-07-18 21:17:45,782 Page 50: 20 creator(s) (total so far: 1000). page_token='b2Zmc2V0PTEwMDA='
2026-07-18 21:17:50,879 Rate limited (attempt 1/10). Waiting 15.5s...
2026-07-18 21:18:07,168 Page 51: 20 creator(s) (total so far: 1020). page_token='b2Zmc2V0PTEwMjA='
2026-07-18 21:18:12,941 Page 52: 20 creator(s) (total so far: 1040). page_token='b2Zmc2V0PTEwNDA='
2026-07-18 21:18:18,686 Page 53: 20 creator(s) (total so far: 1060). page_token='b2Zmc2V0PTEwNjA='
2026-07-18 21:18:23,802 Rate limited (attempt 1/10). Waiting 15.9s...
2026-07-18 21:18:39,818 Rate limited (attempt 2/10). Waiting 30.4s...
2026-07-18 21:19:11,063 Page 54: 20 creator(s) (total so far: 1080). page_token='b2Zmc2V0PTEwODA='
2026-07-18 21:19:16,760 Page 55: 20 creator(s) (total so far: 1100). page_token='b2Zmc2V0PTExMDA='
2026-07-18 21:19:21,881 Rate limited (attempt 1/10). Waiting 15.8s...
2026-07-18 21:19:37,878 Rate limited (attempt 2/10). Waiting 30.3s...
2026-07-18 21:20:08,971 Page 56: 20 creator(s) (total so far: 1120). page_token='b2Zmc2V0PTExMjA='
2026-07-18 21:20:14,627 Page 57: 20 creator(s) (total so far: 1140). page_token='b2Zmc2V0PTExNDA='
2026-07-18 21:20:19,760 Rate limited (attempt 1/10). Waiting 15.8s...
2026-07-18 21:20:38,995 Resuming from checkpoint: page 58, page_token='b2Zmc2V0PTExNDA='
2026-07-18 21:20:59,522 Rate limited (attempt 1/100). Waiting 15.1s...
2026-07-18 21:21:14,725 Rate limited (attempt 2/100). Waiting 30.0s...
2026-07-18 21:21:44,958 Rate limited (attempt 3/100). Waiting 45.9s...
2026-07-18 21:22:31,686 Page 58: 20 creator(s) (total so far: 1160). page_token='b2Zmc2V0PTExNjA='
2026-07-18 21:22:36,810 Rate limited (attempt 1/100). Waiting 15.3s...
2026-07-18 21:22:52,975 Page 59: 20 creator(s) (total so far: 1180). page_token='b2Zmc2V0PTExODA='
2026-07-18 21:22:58,649 Page 60: 20 creator(s) (total so far: 1200). page_token='b2Zmc2V0PTEyMDA='
2026-07-18 21:23:03,768 Rate limited (attempt 1/100). Waiting 15.2s...
2026-07-18 21:23:19,851 Page 61: 20 creator(s) (total so far: 1220). page_token='b2Zmc2V0PTEyMjA='
2026-07-18 21:23:25,586 Page 62: 20 creator(s) (total so far: 1240). page_token='b2Zmc2V0PTEyNDA='
2026-07-18 21:23:30,712 Rate limited (attempt 1/100). Waiting 15.2s...
2026-07-18 21:23:46,943 Page 63: 20 creator(s) (total so far: 1260). page_token='b2Zmc2V0PTEyNjA='
2026-07-18 21:23:52,552 Page 64: 20 creator(s) (total so far: 1280). page_token='b2Zmc2V0PTEyODA='
2026-07-18 21:23:57,623 Rate limited (attempt 1/100). Waiting 15.7s...
2026-07-18 21:24:13,842 Page 65: 1 creator(s) (total so far: 1281). page_token=''
2026-07-18 21:24:13,844 
Done. 141 creator(s) collected this run (1281 total in manifest).
2026-07-18 21:24:13,844 Checkpoint cleared — search complete.
2026-07-18 21:30:51,267 Page 1: 20 creator(s) (total so far: 20). page_token='b2Zmc2V0PTIw'
2026-07-18 21:30:56,985 Page 2: 20 creator(s) (total so far: 40). page_token='b2Zmc2V0PTQw'
2026-07-18 21:31:02,645 Page 3: 20 creator(s) (total so far: 60). page_token='b2Zmc2V0PTYw'
2026-07-18 21:31:07,825 Rate limited (attempt 1/100). Waiting 15.8s...
2026-07-18 21:31:23,807 Rate limited (attempt 2/100). Waiting 30.9s...
2026-07-18 21:31:54,860 Rate limited (attempt 3/100). Waiting 45.0s...
2026-07-18 21:32:40,797 Page 4: 20 creator(s) (total so far: 80). page_token='b2Zmc2V0PTgw'
2026-07-18 21:32:45,882 Rate limited (attempt 1/100). Waiting 15.8s...
2026-07-18 21:33:01,868 Rate limited (attempt 2/100). Waiting 30.3s...
2026-07-18 21:33:32,342 Rate limited (attempt 3/100). Waiting 45.3s...
2026-07-18 21:34:19,867 Rate limited (attempt 4/100). Waiting 45.7s...
2026-07-18 21:35:05,781 Rate limited (attempt 5/100). Waiting 45.7s...
2026-07-18 21:35:51,807 Rate limited (attempt 6/100). Waiting 45.2s...
2026-07-18 21:36:37,944 Page 5: 20 creator(s) (total so far: 100). page_token='b2Zmc2V0PTEwMA=='
2026-07-18 21:36:43,725 Page 6: 20 creator(s) (total so far: 120). page_token='b2Zmc2V0PTEyMA=='
2026-07-18 21:36:48,852 Rate limited (attempt 1/100). Waiting 15.6s...
2026-07-18 21:37:04,757 Rate limited (attempt 2/100). Waiting 30.2s...
2026-07-18 21:37:35,718 Page 7: 20 creator(s) (total so far: 140). page_token='b2Zmc2V0PTE0MA=='
2026-07-18 21:37:40,811 Rate limited (attempt 1/100). Waiting 15.3s...
2026-07-18 21:37:56,807 Page 8: 20 creator(s) (total so far: 160). page_token='b2Zmc2V0PTE2MA=='
2026-07-18 21:38:01,896 Rate limited (attempt 1/100). Waiting 15.1s...
2026-07-18 21:38:19,780 Page 9: 20 creator(s) (total so far: 180). page_token='b2Zmc2V0PTE4MA=='
2026-07-18 21:38:24,929 Rate limited (attempt 1/100). Waiting 15.5s...
2026-07-18 21:38:40,665 Rate limited (attempt 2/100). Waiting 31.0s...
2026-07-18 21:39:11,779 Rate limited (attempt 3/100). Waiting 45.0s...
2026-07-18 21:39:57,004 Rate limited (attempt 4/100). Waiting 45.1s...
2026-07-18 21:40:42,876 Page 10: 20 creator(s) (total so far: 200). page_token='b2Zmc2V0PTIwMA=='
2026-07-18 21:40:48,595 Page 11: 20 creator(s) (total so far: 220). page_token='b2Zmc2V0PTIyMA=='
2026-07-18 21:40:53,698 Rate limited (attempt 1/100). Waiting 16.0s...
2026-07-18 21:41:09,939 Rate limited (attempt 2/100). Waiting 30.4s...
2026-07-18 21:41:41,125 Page 12: 20 creator(s) (total so far: 240). page_token='b2Zmc2V0PTI0MA=='
2026-07-18 21:41:46,918 Page 13: 20 creator(s) (total so far: 260). page_token='b2Zmc2V0PTI2MA=='
2026-07-18 21:41:52,002 Rate limited (attempt 1/100). Waiting 15.1s...
2026-07-18 21:42:07,832 Page 14: 20 creator(s) (total so far: 280). page_token='b2Zmc2V0PTI4MA=='
2026-07-18 21:42:12,933 Rate limited (attempt 1/100). Waiting 15.5s...
2026-07-18 21:42:28,656 Rate limited (attempt 2/100). Waiting 30.7s...
2026-07-18 21:43:00,126 Page 15: 20 creator(s) (total so far: 300). page_token='b2Zmc2V0PTMwMA=='
2026-07-18 21:43:05,782 Page 16: 20 creator(s) (total so far: 320). page_token='b2Zmc2V0PTMyMA=='
2026-07-18 21:43:11,024 Rate limited (attempt 1/100). Waiting 15.0s...
2026-07-18 21:43:26,722 Page 17: 20 creator(s) (total so far: 340). page_token='b2Zmc2V0PTM0MA=='
2026-07-18 21:43:31,882 Rate limited (attempt 1/100). Waiting 15.2s...
2026-07-18 21:43:47,971 Page 18: 20 creator(s) (total so far: 360). page_token='b2Zmc2V0PTM2MA=='
2026-07-18 21:43:53,708 Page 19: 20 creator(s) (total so far: 380). page_token='b2Zmc2V0PTM4MA=='
2026-07-18 21:43:58,811 Rate limited (attempt 1/100). Waiting 15.1s...
2026-07-18 21:44:14,730 Page 20: 20 creator(s) (total so far: 400). page_token='b2Zmc2V0PTQwMA=='
2026-07-18 21:44:19,838 Rate limited (attempt 1/100). Waiting 15.8s...
2026-07-18 21:44:35,743 Rate limited (attempt 2/100). Waiting 30.5s...
2026-07-18 21:45:07,072 Page 21: 20 creator(s) (total so far: 420). page_token='b2Zmc2V0PTQyMA=='
2026-07-18 21:45:12,786 Page 22: 20 creator(s) (total so far: 440). page_token='b2Zmc2V0PTQ0MA=='
2026-07-18 21:45:17,880 Rate limited (attempt 1/100). Waiting 15.1s...
2026-07-18 21:45:33,789 Page 23: 20 creator(s) (total so far: 460). page_token='b2Zmc2V0PTQ2MA=='
2026-07-18 21:45:38,877 Rate limited (attempt 1/100). Waiting 15.2s...
2026-07-18 21:45:54,778 Page 24: 20 creator(s) (total so far: 480). page_token='b2Zmc2V0PTQ4MA=='
2026-07-18 21:45:59,969 Rate limited (attempt 1/100). Waiting 15.6s...
2026-07-18 21:46:15,885 Rate limited (attempt 2/100). Waiting 30.5s...
2026-07-18 21:46:47,121 Page 25: 20 creator(s) (total so far: 500). page_token='b2Zmc2V0PTUwMA=='
2026-07-18 21:46:52,883 Page 26: 20 creator(s) (total so far: 520). page_token='b2Zmc2V0PTUyMA=='
2026-07-18 21:46:58,003 Rate limited (attempt 1/100). Waiting 16.0s...
2026-07-18 21:47:14,959 Page 27: 20 creator(s) (total so far: 540). page_token='b2Zmc2V0PTU0MA=='
2026-07-18 21:47:20,733 Page 28: 20 creator(s) (total so far: 560). page_token='b2Zmc2V0PTU2MA=='
2026-07-18 21:47:25,907 Rate limited (attempt 1/100). Waiting 15.8s...
2026-07-18 21:47:41,865 Rate limited (attempt 2/100). Waiting 30.1s...
2026-07-18 21:48:12,730 Page 29: 20 creator(s) (total so far: 580). page_token='b2Zmc2V0PTU4MA=='
2026-07-18 21:48:17,825 Rate limited (attempt 1/100). Waiting 15.8s...
2026-07-18 21:48:33,809 Rate limited (attempt 2/100). Waiting 30.7s...
2026-07-18 21:49:04,722 Rate limited (attempt 3/100). Waiting 45.3s...
2026-07-18 21:49:51,063 Page 30: 20 creator(s) (total so far: 600). page_token='b2Zmc2V0PTYwMA=='
2026-07-18 21:49:56,822 Page 31: 20 creator(s) (total so far: 620). page_token='b2Zmc2V0PTYyMA=='
2026-07-18 21:50:01,949 Rate limited (attempt 1/100). Waiting 15.0s...
2026-07-18 21:50:17,710 Page 32: 20 creator(s) (total so far: 640). page_token='b2Zmc2V0PTY0MA=='
2026-07-18 21:50:22,820 Rate limited (attempt 1/100). Waiting 15.6s...
2026-07-18 21:50:38,572 Rate limited (attempt 2/100). Waiting 30.9s...
2026-07-18 21:51:09,663 Rate limited (attempt 3/100). Waiting 45.3s...
2026-07-18 21:51:55,729 Page 33: 20 creator(s) (total so far: 660). page_token='b2Zmc2V0PTY2MA=='
2026-07-18 21:52:00,829 Rate limited (attempt 1/100). Waiting 15.7s...
2026-07-18 21:52:16,874 Rate limited (attempt 2/100). Waiting 30.7s...
2026-07-18 21:52:47,711 Rate limited (attempt 3/100). Waiting 45.3s...
2026-07-18 21:53:34,225 Page 34: 20 creator(s) (total so far: 680). page_token='b2Zmc2V0PTY4MA=='
2026-07-18 21:53:39,844 Page 35: 20 creator(s) (total so far: 700). page_token='b2Zmc2V0PTcwMA=='
2026-07-18 21:53:44,956 Rate limited (attempt 1/100). Waiting 15.3s...
2026-07-18 21:54:01,115 Page 36: 20 creator(s) (total so far: 720). page_token='b2Zmc2V0PTcyMA=='
2026-07-18 21:54:06,903 Page 37: 20 creator(s) (total so far: 740). page_token='b2Zmc2V0PTc0MA=='
2026-07-18 21:54:12,742 Page 38: 20 creator(s) (total so far: 760). page_token='b2Zmc2V0PTc2MA=='
2026-07-18 21:54:17,833 Rate limited (attempt 1/100). Waiting 15.6s...
2026-07-18 21:54:34,162 Page 39: 20 creator(s) (total so far: 780). page_token='b2Zmc2V0PTc4MA=='
2026-07-18 21:54:39,720 Page 40: 20 creator(s) (total so far: 800). page_token='b2Zmc2V0PTgwMA=='
2026-07-18 21:54:44,820 Rate limited (attempt 1/100). Waiting 16.0s...
2026-07-18 21:55:00,975 Rate limited (attempt 2/100). Waiting 30.5s...
2026-07-18 21:55:31,680 Rate limited (attempt 3/100). Waiting 45.1s...
2026-07-18 21:56:16,944 Rate limited (attempt 4/100). Waiting 45.4s...
2026-07-18 21:57:02,582 Rate limited (attempt 5/100). Waiting 45.1s...
2026-07-18 21:57:47,924 Rate limited (attempt 6/100). Waiting 45.2s...
2026-07-18 21:58:33,889 Page 41: 20 creator(s) (total so far: 820). page_token='b2Zmc2V0PTgyMA=='
2026-07-18 21:58:39,002 Rate limited (attempt 1/100). Waiting 15.3s...
2026-07-18 21:58:54,600 Rate limited (attempt 2/100). Waiting 30.0s...
2026-07-18 21:59:24,782 Rate limited (attempt 3/100). Waiting 45.5s...
2026-07-18 22:00:11,124 Page 42: 20 creator(s) (total so far: 840). page_token='b2Zmc2V0PTg0MA=='
2026-07-18 22:00:16,798 Page 43: 20 creator(s) (total so far: 860). page_token='b2Zmc2V0PTg2MA=='
2026-07-18 22:00:21,899 Rate limited (attempt 1/100). Waiting 15.7s...
2026-07-18 22:00:37,747 Rate limited (attempt 2/100). Waiting 31.0s...
2026-07-18 22:01:08,873 Rate limited (attempt 3/100). Waiting 45.2s...
2026-07-18 22:01:54,821 Page 44: 20 creator(s) (total so far: 880). page_token='b2Zmc2V0PTg4MA=='
2026-07-18 22:01:59,933 Rate limited (attempt 1/100). Waiting 15.1s...
2026-07-18 22:02:17,878 Page 45: 20 creator(s) (total so far: 900). page_token='b2Zmc2V0PTkwMA=='
2026-07-18 22:02:23,020 Rate limited (attempt 1/100). Waiting 15.2s...
2026-07-18 22:02:39,266 Page 46: 20 creator(s) (total so far: 920). page_token='b2Zmc2V0PTkyMA=='
2026-07-18 22:02:45,009 Page 47: 20 creator(s) (total so far: 940). page_token='b2Zmc2V0PTk0MA=='
2026-07-18 22:02:50,646 Page 48: 20 creator(s) (total so far: 960). page_token='b2Zmc2V0PTk2MA=='
2026-07-18 22:02:55,840 Rate limited (attempt 1/100). Waiting 15.1s...
2026-07-18 22:03:12,134 Page 49: 20 creator(s) (total so far: 980). page_token='b2Zmc2V0PTk4MA=='
2026-07-18 22:03:17,918 Page 50: 20 creator(s) (total so far: 1000). page_token='b2Zmc2V0PTEwMDA='
2026-07-18 22:03:23,635 Page 51: 20 creator(s) (total so far: 1020). page_token='b2Zmc2V0PTEwMjA='
2026-07-18 22:03:28,789 Rate limited (attempt 1/100). Waiting 15.7s...
2026-07-18 22:03:44,650 Rate limited (attempt 2/100). Waiting 30.9s...
2026-07-18 22:04:15,780 Rate limited (attempt 3/100). Waiting 45.1s...
2026-07-18 22:05:01,648 Page 52: 20 creator(s) (total so far: 1040). page_token='b2Zmc2V0PTEwNDA='
2026-07-18 22:05:06,768 Rate limited (attempt 1/100). Waiting 15.1s...
2026-07-18 22:05:22,595 Page 53: 20 creator(s) (total so far: 1060). page_token='b2Zmc2V0PTEwNjA='
2026-07-18 22:05:27,701 Rate limited (attempt 1/100). Waiting 15.7s...
2026-07-18 22:05:43,563 Rate limited (attempt 2/100). Waiting 30.1s...
2026-07-18 22:06:13,880 Rate limited (attempt 3/100). Waiting 45.1s...
2026-07-18 22:06:59,833 Page 54: 20 creator(s) (total so far: 1080). page_token='b2Zmc2V0PTEwODA='
2026-07-18 22:07:05,023 Rate limited (attempt 1/100). Waiting 15.4s...
2026-07-18 22:07:20,510 Rate limited (attempt 2/100). Waiting 31.0s...
2026-07-18 22:07:51,786 Rate limited (attempt 3/100). Waiting 45.6s...
2026-07-18 22:08:38,160 Page 55: 20 creator(s) (total so far: 1100). page_token='b2Zmc2V0PTExMDA='
2026-07-18 22:08:43,385 Rate limited (attempt 1/100). Waiting 15.7s...
2026-07-18 22:08:59,776 Page 56: 20 creator(s) (total so far: 1120). page_token='b2Zmc2V0PTExMjA='
2026-07-18 22:09:04,885 Rate limited (attempt 1/100). Waiting 15.4s...
2026-07-18 22:09:21,107 Page 57: 20 creator(s) (total so far: 1140). page_token='b2Zmc2V0PTExNDA='
2026-07-18 22:09:26,798 Page 58: 20 creator(s) (total so far: 1160). page_token='b2Zmc2V0PTExNjA='
2026-07-18 22:09:31,908 Rate limited (attempt 1/100). Waiting 15.6s...
2026-07-18 22:09:48,213 Page 59: 20 creator(s) (total so far: 1180). page_token='b2Zmc2V0PTExODA='
2026-07-18 22:09:53,809 Page 60: 20 creator(s) (total so far: 1200). page_token='b2Zmc2V0PTEyMDA='
2026-07-18 22:09:58,894 Rate limited (attempt 1/100). Waiting 15.6s...
2026-07-18 22:10:14,815 Rate limited (attempt 2/100). Waiting 30.4s...
2026-07-18 22:10:45,905 Page 61: 20 creator(s) (total so far: 1220). page_token='b2Zmc2V0PTEyMjA='
2026-07-18 22:10:51,010 Rate limited (attempt 1/100). Waiting 15.9s...
2026-07-18 22:11:07,642 Page 62: 20 creator(s) (total so far: 1240). page_token='b2Zmc2V0PTEyNDA='
2026-07-18 22:11:12,734 Rate limited (attempt 1/100). Waiting 15.9s...
2026-07-18 22:11:28,836 Rate limited (attempt 2/100). Waiting 30.6s...
2026-07-18 22:12:00,192 Page 63: 19 creator(s) (total so far: 1259). page_token=''
2026-07-18 22:12:00,193 
Done. 1259 creator(s) collected this run (1259 total in manifest).
2026-07-18 22:12:00,194 Checkpoint cleared — search complete.
