2026-07-13 18:52:18,558 [chunk_size=5] 1/260: searching ['ginoroqueiv', 'draz_shop', 'agapearliyshop', 'carminavillarroel17', 'rosmar.acaiberry.legit']
2026-07-13 18:52:35,211 [chunk_size=5] 2/260: searching ['khatemekhate003', 'missmeljc', 'jmpiamonte4', 'nurse.aiz', 'elmaasagra']
2026-07-13 18:52:35,301 Rate limited (attempt 1/3). Waiting 10.6s...
2026-07-13 18:52:46,046 Rate limited (attempt 2/3). Waiting 20.7s...
2026-07-13 18:53:06,887   Cooling down an extra 30s before the next chunk...
2026-07-13 18:53:51,928 [chunk_size=5] 3/260: searching ['jhonlouiewasawas95', 'yellowcandyace2', 'miimasaur', 'skincarechuchay', 'shopaholic_sister']
2026-07-13 18:53:52,122 Rate limited (attempt 1/3). Waiting 10.3s...
2026-07-13 18:54:19,202 [chunk_size=5] 4/260: searching ['thisisliezel0', 'shoppersvirtual', 'recosbynesa', 'findingehl22', 'jhoanagrasya0614']
2026-07-13 18:54:19,465 Rate limited (attempt 1/3). Waiting 10.8s...
2026-07-13 18:54:30,377 Rate limited (attempt 2/3). Waiting 20.1s...
2026-07-13 18:55:51,220 [chunk_size=5] 1/60: searching ['ginoroqueiv', 'agapearliyshop', 'rosmar.acaiberry.legit', 'khatemekhate003', 'missmeljc']
2026-07-13 18:55:51,455 Rate limited (attempt 1/3). Waiting 10.5s...
2026-07-13 18:56:02,126 Rate limited (attempt 2/3). Waiting 20.4s...
2026-07-13 18:56:38,962 [chunk_size=5] 2/60: searching ['jmpiamonte4', 'nurse.aiz', 'elmaasagra', 'jhonlouiewasawas95', 'yellowcandyace2']
2026-07-13 18:56:39,045 Rate limited (attempt 1/3). Waiting 10.9s...
2026-07-13 18:56:50,123 Rate limited (attempt 2/3). Waiting 20.6s...
2026-07-13 18:57:10,896   ⚠️  Still rate-limited after 3 attempts — giving up for now.
2026-07-13 18:57:10,897   ⚠️  Search failed: {'code': 36009002, 'data': None, 'message': 'Too many requests for downstream. You’ve made too many requests in a short period of time. For more details: https://m.tiktok.shop/s/AIu6dbFhs2XW', 'request_id': '20260713185710277C125BD5940BB3661B'}
2026-07-13 18:57:10,898   Cooling down an extra 30s before the next chunk...
2026-07-13 18:57:55,946 [chunk_size=5] 3/60: searching ['miimasaur', 'skincarechuchay', 'shopaholic_sister', 'thisisliezel0', 'shoppersvirtual']
2026-07-13 18:57:56,103 Rate limited (attempt 1/3). Waiting 10.5s...
2026-07-13 18:58:06,742 Rate limited (attempt 2/3). Waiting 20.7s...
2026-07-13 18:58:27,733   ⚠️  Still rate-limited after 3 attempts — giving up for now.
2026-07-13 18:58:27,735   ⚠️  Search failed: {'code': 36009002, 'data': None, 'message': 'Too many requests for downstream. You’ve made too many requests in a short period of time. For more details: https://m.tiktok.shop/s/AIu6dbFhs2XW', 'request_id': '20260713185827C0CAFCF582BD2C6F0745'}
2026-07-13 18:58:27,735   Cooling down an extra 30s before the next chunk...
2026-07-13 18:59:12,768 [chunk_size=5] 4/60: searching ['recosbynesa', 'findingehl22', 'jhoanagrasya0614', 'lia.xx2x', 'itsmekitkat_01']
2026-07-13 18:59:12,969 Rate limited (attempt 1/3). Waiting 10.1s...
2026-07-13 18:59:23,224 Rate limited (attempt 2/3). Waiting 20.5s...
2026-07-13 18:59:44,146   ⚠️  Still rate-limited after 3 attempts — giving up for now.
2026-07-13 18:59:44,147   ⚠️  Search failed: {'code': 36009002, 'data': None, 'message': 'Too many requests for downstream. You’ve made too many requests in a short period of time. For more details: https://m.tiktok.shop/s/AIu6dbFhs2XW', 'request_id': '2026071318594308C67FEC336C42B62D0B'}
2026-07-13 18:59:44,147   Cooling down an extra 30s before the next chunk...
2026-07-13 19:00:29,174 [chunk_size=5] 5/60: searching ['lexxofficial1', 'almirham21', 'kennisnicor', 'itskellycruz', 'roycee.shop']
2026-07-13 19:00:29,334 Rate limited (attempt 1/3). Waiting 10.7s...
2026-07-13 19:00:40,155 Rate limited (attempt 2/3). Waiting 20.4s...
2026-07-13 19:01:17,603 [chunk_size=5] 6/60: searching ['cindyloraaa', 'blaisse', 'reiseyeee_06', 'lhenies', 'flfychm']
2026-07-13 19:01:17,696 Rate limited (attempt 1/3). Waiting 10.2s...
2026-07-13 19:01:28,089 Rate limited (attempt 2/3). Waiting 20.3s...
2026-07-13 19:02:05,085 [chunk_size=5] 7/60: searching ['iladongspotted24', 'lovely.anne21', 'youbeauty_hub', 'mariellaaguinaldo', 'danibarrettop']
2026-07-13 19:02:05,187 Rate limited (attempt 1/3). Waiting 10.2s...
2026-07-13 19:02:31,578 [chunk_size=5] 8/60: searching ['queeneemercado', 'hera_queen88', 'walalangto313', 'trendeezone', 'real_real000011']
2026-07-13 19:02:31,688 Rate limited (attempt 1/3). Waiting 10.9s...
2026-07-13 19:02:42,756 Rate limited (attempt 2/3). Waiting 20.7s...
2026-07-13 19:03:20,176 [chunk_size=5] 9/60: searching ['assortedproductshopping', 'annecorpz', 'pinoyinfluencer1', 'keyxiiee_', 'elysethetic2']
2026-07-13 19:03:20,285 Rate limited (attempt 1/3). Waiting 10.1s...
2026-07-13 19:03:47,190 [chunk_size=5] 10/60: searching ['mariprisgallogall', 'popochiiko', 'momstuff10', 'atchealthcarecompany', 'joshdgreat17']
2026-07-13 19:03:47,268 Rate limited (attempt 1/3). Waiting 10.8s...
2026-07-13 19:03:58,334 Rate limited (attempt 2/3). Waiting 20.3s...
2026-07-13 19:04:34,970 [chunk_size=5] 11/60: searching ['angelica.gill26', 'shopwithsonjie', 'ajmndm', 'eri_daily_', 'jhenn.07']
2026-07-13 19:04:35,153 Rate limited (attempt 1/3). Waiting 10.2s...
2026-07-13 19:04:45,596 Rate limited (attempt 2/3). Waiting 20.5s...
2026-07-13 19:05:06,228   ⚠️  Still rate-limited after 3 attempts — giving up for now.
2026-07-13 19:05:06,230   ⚠️  Search failed: {'code': 36009002, 'data': None, 'message': 'Too many requests for downstream. You’ve made too many requests in a short period of time. For more details: https://m.tiktok.shop/s/AIu6dbFhs2XW', 'request_id': '2026071319050547926C4A1F5F9A768E55'}
2026-07-13 19:05:06,230   Cooling down an extra 30s before the next chunk...
2026-07-13 19:06:41,828 [chunk_size=5] 1/60: searching ['ginoroqueiv', 'agapearliyshop', 'rosmar.acaiberry.legit', 'khatemekhate003', 'missmeljc']
2026-07-13 19:06:41,978 Rate limited (attempt 1/3). Waiting 15.2s...
2026-07-13 19:06:57,228 Rate limited (attempt 2/3). Waiting 30.9s...
2026-07-13 19:07:28,320   ⚠️  Still rate-limited after 3 attempts — giving up for now.
2026-07-13 19:07:28,320   ⚠️  Search failed: {'code': 36009002, 'data': None, 'message': 'Too many requests for downstream. You’ve made too many requests in a short period of time. For more details: https://m.tiktok.shop/s/AIu6dbFhs2XW', 'request_id': '202607131907279683AECB097AEE7598FB'}
2026-07-13 19:07:28,320   Cooling down an extra 60s before the next chunk...
2026-07-13 19:08:58,352 [chunk_size=5] 2/60: searching ['jmpiamonte4', 'nurse.aiz', 'elmaasagra', 'jhonlouiewasawas95', 'yellowcandyace2']
2026-07-13 19:09:29,805 [chunk_size=5] 3/60: searching ['miimasaur', 'skincarechuchay', 'shopaholic_sister', 'thisisliezel0', 'shoppersvirtual']
2026-07-13 19:09:29,943 Rate limited (attempt 1/3). Waiting 15.1s...
2026-07-13 19:09:45,239 Rate limited (attempt 2/3). Waiting 30.6s...
2026-07-13 19:10:15,980   ⚠️  Still rate-limited after 3 attempts — giving up for now.
2026-07-13 19:10:15,985   ⚠️  Search failed: {'code': 36009002, 'data': None, 'message': 'Too many requests for downstream. You’ve made too many requests in a short period of time. For more details: https://m.tiktok.shop/s/AIu6dbFhs2XW', 'request_id': '202607131910155E527EC2119B9677ED69'}
2026-07-13 19:10:15,985   Cooling down an extra 60s before the next chunk...
2026-07-13 19:11:46,012 [chunk_size=5] 4/60: searching ['recosbynesa', 'findingehl22', 'jhoanagrasya0614', 'lia.xx2x', 'itsmekitkat_01']
2026-07-13 19:11:46,174 Rate limited (attempt 1/3). Waiting 15.8s...
2026-07-13 19:12:02,018 Rate limited (attempt 2/3). Waiting 30.1s...
2026-07-13 19:12:32,245   ⚠️  Still rate-limited after 3 attempts — giving up for now.
2026-07-13 19:12:32,246   ⚠️  Search failed: {'code': 36009002, 'data': None, 'message': 'Too many requests for downstream. You’ve made too many requests in a short period of time. For more details: https://m.tiktok.shop/s/AIu6dbFhs2XW', 'request_id': '202607131912315D63EE1CF9F0E7B573FA'}
2026-07-13 19:12:32,246   Cooling down an extra 60s before the next chunk...
2026-07-13 19:14:02,267 [chunk_size=5] 5/60: searching ['lexxofficial1', 'cindyloraaa', 'blaisse', 'reiseyeee_06', 'lhenies']
2026-07-13 19:14:34,199 [chunk_size=5] 6/60: searching ['flfychm', 'iladongspotted24', 'lovely.anne21', 'youbeauty_hub', 'mariellaaguinaldo']
2026-07-13 19:14:34,306 Rate limited (attempt 1/3). Waiting 15.0s...
2026-07-13 19:15:20,375 [chunk_size=5] 7/60: searching ['danibarrettop', 'walalangto313', 'trendeezone', 'assortedproductshopping', 'annecorpz']
2026-07-13 19:15:52,212 [chunk_size=5] 8/60: searching ['mariprisgallogall', 'popochiiko', 'momstuff10', 'atchealthcarecompany', 'joshdgreat17']
2026-07-13 19:16:23,597 [chunk_size=5] 9/60: searching ['angelica.gill26', 'shopwithsonjie', 'ajmndm', 'eri_daily_', 'jhenn.07']
2026-07-13 19:16:23,768 Rate limited (attempt 1/3). Waiting 15.1s...
2026-07-13 19:16:38,964 Rate limited (attempt 2/3). Waiting 30.0s...
2026-07-13 19:17:09,139   ⚠️  Still rate-limited after 3 attempts — giving up for now.
2026-07-13 19:17:09,140   ⚠️  Search failed: {'code': 36009002, 'data': None, 'message': 'Too many requests for downstream. You’ve made too many requests in a short period of time. For more details: https://m.tiktok.shop/s/AIu6dbFhs2XW', 'request_id': '202607131917089A0009995BDA04B449E5'}
2026-07-13 19:17:09,140   Cooling down an extra 60s before the next chunk...
2026-07-13 19:18:39,169 [chunk_size=5] 10/60: searching ['checkout1111', 'budolnganiii23', 'itsresyelmae', 'potato_chic', 'tayshopfinds']
2026-07-13 19:18:39,331 Rate limited (attempt 1/3). Waiting 15.9s...
2026-07-13 19:18:55,330 Rate limited (attempt 2/3). Waiting 30.1s...
2026-07-13 19:19:57,007 [chunk_size=5] 11/60: searching ['mqquintos', 'roronoazoroshop', 'daniiiled', 'realkathmelendez', 'jurryuy2ndacc']
2026-07-13 19:19:57,172 Rate limited (attempt 1/3). Waiting 15.9s...
2026-07-13 19:20:13,165 Rate limited (attempt 2/3). Waiting 30.7s...
2026-07-13 19:20:44,016   ⚠️  Still rate-limited after 3 attempts — giving up for now.
2026-07-13 19:20:44,017   ⚠️  Search failed: {'code': 36009002, 'data': None, 'message': 'Too many requests for downstream. You’ve made too many requests in a short period of time. For more details: https://m.tiktok.shop/s/AIu6dbFhs2XW', 'request_id': '202607131920439CAE5023020F45701980'}
2026-07-13 19:20:44,017   Cooling down an extra 60s before the next chunk...
2026-07-13 19:22:14,059 [chunk_size=5] 12/60: searching ['_4ela2', 'maria_francel', 'centrum.ph', 'cassiecorner03', 'super.renmario']
2026-07-13 19:22:14,250 Rate limited (attempt 1/3). Waiting 15.6s...
2026-07-13 19:22:29,914 Rate limited (attempt 2/3). Waiting 30.1s...
2026-07-13 19:23:00,181   ⚠️  Still rate-limited after 3 attempts — giving up for now.
2026-07-13 19:23:00,183   ⚠️  Search failed: {'code': 36009002, 'data': None, 'message': 'Too many requests for downstream. You’ve made too many requests in a short period of time. For more details: https://m.tiktok.shop/s/AIu6dbFhs2XW', 'request_id': '20260713192259D4082D848F84176D27FA'}
2026-07-13 19:23:00,183   Cooling down an extra 60s before the next chunk...
2026-07-13 19:24:30,208 [chunk_size=5] 13/60: searching ['myraphilippines', 'pinkperegrin', 'sixfigsminimum', 'salveobarleydaily', 'mmum_me']
2026-07-13 19:25:02,151 [chunk_size=5] 14/60: searching ['looksmaxxingstuff', 'pereylierge', 'dasurichoi__', 'angelyshop7.16', '_kckm']
2026-07-13 19:25:33,949 [chunk_size=5] 15/60: searching ['mommy_rochelle08', '.claryang', 'arvynnmithi16', 'jhnmrkyyyy', 'carlexshop16']
2026-07-13 19:25:34,181 Rate limited (attempt 1/3). Waiting 15.9s...
2026-07-13 19:25:50,231 Rate limited (attempt 2/3). Waiting 30.5s...
2026-07-13 19:26:20,924   ⚠️  Still rate-limited after 3 attempts — giving up for now.
2026-07-13 19:26:20,926   ⚠️  Search failed: {'code': 36009002, 'data': None, 'message': 'Too many requests for downstream. You’ve made too many requests in a short period of time. For more details: https://m.tiktok.shop/s/AIu6dbFhs2XW', 'request_id': '2026071319262074981B1470AB87B34B12'}
2026-07-13 19:26:20,926   Cooling down an extra 60s before the next chunk...
2026-07-13 19:27:50,953 [chunk_size=5] 16/60: searching ['llessur04', 'quickhealthph01', 'heartbrave.22', 'meng_martin', 'diannegalangquizon']
2026-07-13 19:27:51,167 Rate limited (attempt 1/3). Waiting 15.6s...
2026-07-13 19:28:06,906 Rate limited (attempt 2/3). Waiting 30.6s...
2026-07-13 19:29:09,225 [chunk_size=5] 17/60: searching ['rsnpremium', 'paulalicious08', 'mae_amor369', 'mariajoyce146', 'jhaica22']
2026-07-13 19:29:40,789 [chunk_size=5] 18/60: searching ['gorgious.ph', 'mmmy.anj1901', 'janaandalonzo', 'jenny.butihen1', 'naurvermind']
2026-07-13 19:30:12,332 [chunk_size=5] 19/60: searching ['cristelrosederla', 'rhioxoreo', 'stoicfindsph', 'kennethandrew22', 'cashmerepearlsanchez30']
2026-07-13 19:30:43,572 [chunk_size=5] 20/60: searching ['.jenrecos', 'reeceaalissey', 'kurtynah', 'loujeanxxx', 'yortyy11']
2026-07-13 19:30:43,739 Rate limited (attempt 1/3). Waiting 16.0s...
2026-07-13 19:30:59,826 Rate limited (attempt 2/3). Waiting 30.3s...
2026-07-13 19:32:01,935 [chunk_size=5] 21/60: searching ['itsmemsrave', 'shamir_080699', 'kristinesadieroman', 'michpilapil1999', 'ninaellaine']
2026-07-13 19:32:02,065 Rate limited (attempt 1/3). Waiting 15.3s...
2026-07-13 19:32:48,951 [chunk_size=5] 22/60: searching ['missdimpleeee.cart', 'randomrecos11', 'lushoracosmetics24h', 'jezutrains', 'nina_ligason']
2026-07-13 19:32:49,185 Rate limited (attempt 1/3). Waiting 16.0s...
2026-07-13 19:33:36,931 [chunk_size=5] 23/60: searching ['theresetiangco', 'craftmania8', 'aihori75', 'beautydustwellness', 'bernardostella_']
2026-07-13 19:33:37,059 Rate limited (attempt 1/3). Waiting 15.6s...
2026-07-13 19:33:52,849 Rate limited (attempt 2/3). Waiting 30.1s...
2026-07-13 19:34:25,060   ⚠️  Still rate-limited after 3 attempts — giving up for now.
2026-07-13 19:34:25,070   ⚠️  Search failed: {'code': 36009002, 'data': None, 'message': 'Too many requests for downstream. You’ve made too many requests in a short period of time. For more details: https://m.tiktok.shop/s/AIu6dbFhs2XW', 'request_id': '20260713193424D3BC00D3FFA1A9774C79'}
2026-07-13 19:34:25,070   Cooling down an extra 60s before the next chunk...
2026-07-13 19:35:55,114 [chunk_size=5] 24/60: searching ['clint.fit', 'rexj_30', 'jackdelrosarioo', 'mommy.best.finds', 'doc.starcey444']
2026-07-13 19:35:55,423 Rate limited (attempt 1/3). Waiting 15.9s...
2026-07-13 19:36:42,849 [chunk_size=5] 25/60: searching ['ligayahartvlogz', 'ruvross', 'maitorres16', 'miss_daphne17', 'edg.trendyfinds']
2026-07-13 19:36:42,971 Rate limited (attempt 1/3). Waiting 15.1s...
2026-07-13 19:36:58,255 Rate limited (attempt 2/3). Waiting 30.8s...
2026-07-13 19:37:29,163   ⚠️  Still rate-limited after 3 attempts — giving up for now.
2026-07-13 19:37:29,163   ⚠️  Search failed: {'code': 36009002, 'data': None, 'message': 'Too many requests for downstream. You’ve made too many requests in a short period of time. For more details: https://m.tiktok.shop/s/AIu6dbFhs2XW', 'request_id': '202607131937289C79B10BF500A1771E60'}
2026-07-13 19:37:29,163   Cooling down an extra 60s before the next chunk...
2026-07-13 19:38:59,196 [chunk_size=5] 26/60: searching ['heyitsdah_', 'miezu_zy', 'ridewithrose', 'mommyliezel4', 'mommylouisse7']
2026-07-13 19:39:31,097 [chunk_size=5] 27/60: searching ['yourfavvqueeny', 'berry_merci', 'skinnutriprof_sofia', 'novren_2', 'gwentuazon_']
2026-07-13 19:39:31,258 Rate limited (attempt 1/3). Waiting 15.6s...
2026-07-13 19:39:46,917 Rate limited (attempt 2/3). Waiting 30.3s...
2026-07-13 19:40:48,752 [chunk_size=5] 28/60: searching ['nanie0433', '_a.nbng', 'leng.taguiam', 'maerecos', 'isaylovee']
2026-07-13 19:40:48,935 Rate limited (attempt 1/3). Waiting 15.4s...
2026-07-13 19:41:36,023 [chunk_size=5] 29/60: searching ['fyp.shopey', 'patricia.cayetano', 'katgab_b', 'got.choo', 'letishavelasco']
2026-07-13 19:41:36,193 Rate limited (attempt 1/3). Waiting 15.3s...
2026-07-13 19:41:51,566 Rate limited (attempt 2/3). Waiting 30.4s...
2026-07-13 19:42:22,108   ⚠️  Still rate-limited after 3 attempts — giving up for now.
2026-07-13 19:42:22,109   ⚠️  Search failed: {'code': 36009002, 'data': None, 'message': 'Too many requests for downstream. You’ve made too many requests in a short period of time. For more details: https://m.tiktok.shop/s/AIu6dbFhs2XW', 'request_id': '2026071319422128A26CC8D8323878CA2D'}
2026-07-13 19:42:22,109   Cooling down an extra 60s before the next chunk...
2026-07-13 19:43:52,160 [chunk_size=5] 30/60: searching ['altinalatina', 'nashmia.ain', 'itsmeeealysa', 'godbless4t0', 'demiejavenar']
2026-07-13 19:44:23,667 [chunk_size=5] 31/60: searching ['inafeleo', 'ygb_elma', 'barbiearms0', 'aiks1296', 'onlyjasmyne_1']
2026-07-13 19:44:23,902 Rate limited (attempt 1/3). Waiting 15.6s...
2026-07-13 19:45:10,772 [chunk_size=5] 32/60: searching ['unica_0316', 'favsweet17', '_apostoldaph', 'lovealltings', 'luckyleahabello']
2026-07-13 19:45:10,955 Rate limited (attempt 1/3). Waiting 15.5s...
2026-07-13 19:45:26,608 Rate limited (attempt 2/3). Waiting 30.8s...
2026-07-13 19:46:28,707 [chunk_size=5] 33/60: searching ['kulitanbrothers', 'joe.denzel', 'chloecaluag', 'kwaresmajaja', '_pretut']
2026-07-13 19:46:28,890 Rate limited (attempt 1/3). Waiting 16.0s...
2026-07-13 19:46:45,129 Rate limited (attempt 2/3). Waiting 30.9s...
2026-07-13 19:47:16,226   ⚠️  Still rate-limited after 3 attempts — giving up for now.
2026-07-13 19:47:16,227   ⚠️  Search failed: {'code': 36009002, 'data': None, 'message': 'Too many requests for downstream. You’ve made too many requests in a short period of time. For more details: https://m.tiktok.shop/s/AIu6dbFhs2XW', 'request_id': '202607131947153E640C1DA64CF47687BE'}
2026-07-13 19:47:16,227   Cooling down an extra 60s before the next chunk...
2026-07-13 19:48:46,272 [chunk_size=5] 34/60: searching ['miiilovely', 'paragisherbalteaproducts', 'kev_andrade', 'kimm_o14', 'bestbuy2021']
2026-07-13 19:49:18,030 [chunk_size=5] 35/60: searching ['slay_queen544', 'meiojhace', 'jayhigashiyama', 'ell199704', 'imkatth']
2026-07-13 19:49:18,190 Rate limited (attempt 1/3). Waiting 15.8s...
2026-07-13 19:49:34,140 Rate limited (attempt 2/3). Waiting 30.7s...
2026-07-13 19:50:05,005   ⚠️  Still rate-limited after 3 attempts — giving up for now.
2026-07-13 19:50:05,008   ⚠️  Search failed: {'code': 36009002, 'data': None, 'message': 'Too many requests for downstream. You’ve made too many requests in a short period of time. For more details: https://m.tiktok.shop/s/AIu6dbFhs2XW', 'request_id': '202607131950046FEF359D8C86B8B23C70'}
2026-07-13 19:50:05,008   Cooling down an extra 60s before the next chunk...
2026-07-13 19:51:35,041 [chunk_size=5] 36/60: searching ['kai118283', 'lancee.delacruz', 'itsclarisb', 'cheez_cake0', 'yuri_pael']
2026-07-13 19:51:35,195 Rate limited (attempt 1/3). Waiting 15.7s...
2026-07-13 19:51:51,085 Rate limited (attempt 2/3). Waiting 30.1s...
2026-07-13 19:52:53,346 [chunk_size=5] 37/60: searching ['bhengbeauty.finds', 'aaubreypaj', 'yladizon', 'recosbyjas1', 'chiripiepie']
2026-07-13 19:52:53,563 Rate limited (attempt 1/3). Waiting 15.8s...
2026-07-13 19:53:40,919 [chunk_size=5] 38/60: searching ['missylethal_23', 'foryourbeautyph', 'tiktokshop_09', 'jergiepauldaileg', 'rj.necio_rph']
2026-07-13 19:53:41,078 Rate limited (attempt 1/3). Waiting 15.9s...
2026-07-13 19:53:57,079 Rate limited (attempt 2/3). Waiting 30.1s...
2026-07-13 19:54:58,970 [chunk_size=5] 39/60: searching ['mommykhayedailyvlog', 'ms.mera28', '_things2buy', 'lucky.xerio', 'zcee_umali']
2026-07-13 19:54:59,182 Rate limited (attempt 1/3). Waiting 16.0s...
2026-07-13 19:55:46,959 [chunk_size=5] 40/60: searching ['nalyn6664', 'chellemi0211', 'kerybii', 'ellebarbacion', 'kylieee131']
2026-07-13 19:55:47,126 Rate limited (attempt 1/3). Waiting 15.3s...
2026-07-13 19:56:33,966 [chunk_size=5] 41/60: searching ['itsme.javee0914', 'carlojose007', 'rollynmdc', 'hifo555', 'gcsuico']
2026-07-13 19:56:34,251 Rate limited (attempt 1/3). Waiting 15.9s...
2026-07-13 19:57:21,640 [chunk_size=5] 42/60: searching ['buensyete8', 'realhustler.1', 'hulyodelacruz_', 'ronz1312', 'coleenlph']
2026-07-13 19:57:21,811 Rate limited (attempt 1/3). Waiting 15.1s...
2026-07-13 19:57:37,088 Rate limited (attempt 2/3). Waiting 30.9s...
2026-07-13 19:58:08,169   ⚠️  Still rate-limited after 3 attempts — giving up for now.
2026-07-13 19:58:08,170   ⚠️  Search failed: {'code': 36009002, 'data': None, 'message': 'Too many requests for downstream. You’ve made too many requests in a short period of time. For more details: https://m.tiktok.shop/s/AIu6dbFhs2XW', 'request_id': '202607131958078BE999CF7C078C6E7FE0'}
2026-07-13 19:58:08,171   Cooling down an extra 60s before the next chunk...
2026-07-13 19:59:38,200 [chunk_size=5] 43/60: searching ['rosetrendy.finds', 'narsjinggay', 'akobaloy', 'moniqueortega1127', 'zahgrayaffiliate']
2026-07-13 20:00:09,496 [chunk_size=5] 44/60: searching ['aezyxxiv', 'yunizzzb', '_tineelicious_', 'mclwindowshopping16', 'airahlunair']
2026-07-13 20:00:09,674 Rate limited (attempt 1/3). Waiting 15.0s...
2026-07-13 20:00:24,820 Rate limited (attempt 2/3). Waiting 30.0s...
2026-07-13 20:00:55,044   ⚠️  Still rate-limited after 3 attempts — giving up for now.
2026-07-13 20:00:55,046   ⚠️  Search failed: {'code': 36009002, 'data': None, 'message': 'Too many requests for downstream. You’ve made too many requests in a short period of time. For more details: https://m.tiktok.shop/s/AIu6dbFhs2XW', 'request_id': '20260713200054C926F8BE2EC9BF777510'}
2026-07-13 20:00:55,046   Cooling down an extra 60s before the next chunk...
2026-07-13 20:02:25,083 [chunk_size=5] 45/60: searching ['rand0m.thingstar', 'curatedbyjaguar', 'ayyangsbeautyproducts', 'kristinevitable', 'mrs_dschwartz']
2026-07-13 20:02:56,795 [chunk_size=5] 46/60: searching ['glowwithtine', 'moo0nlighttt', 'kinghenry.fan714', 'travelwith_joshua', 'mitchocochip']
2026-07-13 20:02:56,992 Rate limited (attempt 1/3). Waiting 15.4s...
2026-07-13 20:03:44,210 [chunk_size=5] 47/60: searching ['apengsshop', 'buy1take1shop', 'jsvee', 'shinduko.audrey', 'kyletalusig']
2026-07-13 20:04:15,911 [chunk_size=5] 48/60: searching ['ckdeleon_', 'its.adigncrn', '_fyp615', 'syradiazfinds', 'gersavamay']
2026-07-13 20:04:16,049 Rate limited (attempt 1/3). Waiting 15.2s...
2026-07-13 20:05:02,735 [chunk_size=5] 49/60: searching ['rand0m.thingsheart', 'fevfonk', 'rmdeeee', '._shangg', 'vinlynaturespharmacy']
2026-07-13 20:05:02,893 Rate limited (attempt 1/3). Waiting 15.2s...
2026-07-13 20:05:49,490 [chunk_size=5] 50/60: searching ['affiliatehiddengems', 'addtocartph2026', '17_keyxiie', 'randombudolfindz', 'jicslr']
2026-07-13 20:05:49,670 Rate limited (attempt 1/3). Waiting 15.3s...
2026-07-13 20:06:05,098 Rate limited (attempt 2/3). Waiting 30.3s...
2026-07-13 20:06:35,522   ⚠️  Still rate-limited after 3 attempts — giving up for now.
2026-07-13 20:06:35,524   ⚠️  Search failed: {'code': 36009002, 'data': None, 'message': 'Too many requests for downstream. You’ve made too many requests in a short period of time. For more details: https://m.tiktok.shop/s/AIu6dbFhs2XW', 'request_id': '20260713200635B99A37FAE5FE4FB6D502'}
2026-07-13 20:06:35,524   Cooling down an extra 60s before the next chunk...
2026-07-13 20:08:05,574 [chunk_size=5] 51/60: searching ['recos.by_heira', 'ricemrcd', 'lennyestoya2', 'davidwanderer69', 'mommy_mhaya']
2026-07-13 20:08:05,766 Rate limited (attempt 1/3). Waiting 15.4s...
2026-07-13 20:08:52,576 [chunk_size=5] 52/60: searching ['thllpz333', 'eydontiktok', 'zhellannie', 'katsalmos', 'wetnielaborera']
2026-07-13 20:08:52,753 Rate limited (attempt 1/3). Waiting 15.5s...
2026-07-13 20:09:39,550 [chunk_size=5] 53/60: searching ['kalusugantipsph', 'mercuryking8', 'miauy05', 'brazil_renjieannb', 'loveleo_recos']
2026-07-13 20:09:39,711 Rate limited (attempt 1/3). Waiting 15.6s...
2026-07-13 20:09:55,525 Rate limited (attempt 2/3). Waiting 30.4s...
2026-07-13 20:10:26,103   ⚠️  Still rate-limited after 3 attempts — giving up for now.
2026-07-13 20:10:26,103   ⚠️  Search failed: {'code': 36009002, 'data': None, 'message': 'Too many requests for downstream. You’ve made too many requests in a short period of time. For more details: https://m.tiktok.shop/s/AIu6dbFhs2XW', 'request_id': '20260713201025339EF5BB7C981CB4FE43'}
2026-07-13 20:10:26,103   Cooling down an extra 60s before the next chunk...
2026-07-13 20:11:56,136 [chunk_size=5] 54/60: searching ['ysabellee333', 'itzsoji', 'damonfromheaven__', 'aubreycaraan_', 'dafitsz']
2026-07-13 20:12:27,411 [chunk_size=5] 55/60: searching ['mommymaloushop', 'momchelebrielle', 'youngggme3', 'christinerefil24', '_vanillagurl']
2026-07-13 20:12:58,705 [chunk_size=5] 56/60: searching ['bellamyshop2.0', 'jasric_shopp', 'jperaltaaaaa', '_datboii.gian', 'she_tiktokfinds']
2026-07-13 20:12:58,926 Rate limited (attempt 1/3). Waiting 15.8s...
2026-07-13 20:13:14,877 Rate limited (attempt 2/3). Waiting 30.1s...
2026-07-13 20:13:45,173   ⚠️  Still rate-limited after 3 attempts — giving up for now.
2026-07-13 20:13:45,175   ⚠️  Search failed: {'code': 36009002, 'data': None, 'message': 'Too many requests for downstream. You’ve made too many requests in a short period of time. For more details: https://m.tiktok.shop/s/AIu6dbFhs2XW', 'request_id': '20260713201344CE129AF22383467134D6'}
2026-07-13 20:13:45,175   Cooling down an extra 60s before the next chunk...
2026-07-13 20:15:15,219 [chunk_size=5] 57/60: searching ['johnnelborn', 'jessiellamendezpadolina', 'fvvtravis', 'h3atwave0', 'ghel.affiliate']
2026-07-13 20:15:47,077 [chunk_size=5] 58/60: searching ['bavamoon09', 'alexis.shan', 'thebestofme65', 'rkrictap_', 'dlyn0309']
2026-07-13 20:16:18,672 [chunk_size=5] 59/60: searching ['mamamerz1012', 'essenceph', 'gamtincris', 'beans19_', 'geminihoney00']
2026-07-13 20:16:18,944 Rate limited (attempt 1/3). Waiting 15.4s...
2026-07-13 20:16:34,456 Rate limited (attempt 2/3). Waiting 30.6s...
2026-07-13 20:17:05,134   ⚠️  Still rate-limited after 3 attempts — giving up for now.
2026-07-13 20:17:05,135   ⚠️  Search failed: {'code': 36009002, 'data': None, 'message': 'Too many requests for downstream. You’ve made too many requests in a short period of time. For more details: https://m.tiktok.shop/s/AIu6dbFhs2XW', 'request_id': '202607132017045E69C966DE80037719EC'}
2026-07-13 20:17:05,136   Cooling down an extra 60s before the next chunk...
2026-07-13 20:18:35,173 [chunk_size=5] 60/60: searching ['shangshang6689', 'sanchaay', 'grasya24nd', 'kmbeautywellness', 'nyyy_xx0']
2026-07-13 20:19:07,005 [chunk_size=1] 1/189: searching ['ginoroqueiv']
2026-07-13 20:19:07,157 Rate limited (attempt 1/3). Waiting 15.1s...
2026-07-13 20:19:22,509 Rate limited (attempt 2/3). Waiting 30.7s...
2026-07-13 20:20:24,494 [chunk_size=1] 2/189: searching ['agapearliyshop']
2026-07-13 20:20:24,669 Rate limited (attempt 1/3). Waiting 15.0s...
2026-07-13 20:20:39,840 Rate limited (attempt 2/3). Waiting 30.9s...
2026-07-13 20:21:10,954   ⚠️  Still rate-limited after 3 attempts — giving up for now.
2026-07-13 20:21:10,955   ⚠️  Search failed: {'code': 36009002, 'data': None, 'message': 'Too many requests for downstream. You’ve made too many requests in a short period of time. For more details: https://m.tiktok.shop/s/AIu6dbFhs2XW', 'request_id': '2026071320211074A77099D402B6B6A2BC'}
2026-07-13 20:21:10,956   Cooling down an extra 60s before the next chunk...
2026-07-13 20:22:41,002 [chunk_size=1] 3/189: searching ['rosmar.acaiberry.legit']
2026-07-13 20:23:12,528 [chunk_size=1] 4/189: searching ['khatemekhate003']
2026-07-13 20:23:43,682 [chunk_size=1] 5/189: searching ['missmeljc']
2026-07-13 20:23:43,838 Rate limited (attempt 1/3). Waiting 15.0s...
2026-07-13 20:23:58,978 Rate limited (attempt 2/3). Waiting 30.9s...
2026-07-13 20:24:30,040   ⚠️  Still rate-limited after 3 attempts — giving up for now.
2026-07-13 20:24:30,040   ⚠️  Search failed: {'code': 36009002, 'data': None, 'message': 'Too many requests for downstream. You’ve made too many requests in a short period of time. For more details: https://m.tiktok.shop/s/AIu6dbFhs2XW', 'request_id': '202607132024291A4EAA5D60C657716F86'}
2026-07-13 20:24:30,040   Cooling down an extra 60s before the next chunk...
2026-07-13 20:26:00,096 [chunk_size=1] 6/189: searching ['jmpiamonte4']
2026-07-13 20:26:31,375 [chunk_size=1] 7/189: searching ['miimasaur']
2026-07-13 20:27:02,737 [chunk_size=1] 8/189: searching ['skincarechuchay']
2026-07-13 20:27:03,043 Rate limited (attempt 1/3). Waiting 15.9s...
2026-07-13 20:27:19,072 Rate limited (attempt 2/3). Waiting 30.5s...
2026-07-13 20:27:49,756   ⚠️  Still rate-limited after 3 attempts — giving up for now.
2026-07-13 20:27:49,756   ⚠️  Search failed: {'code': 36009002, 'data': None, 'message': 'Too many requests for downstream. You’ve made too many requests in a short period of time. For more details: https://m.tiktok.shop/s/AIu6dbFhs2XW', 'request_id': '202607132027497D071639716014721401'}
2026-07-13 20:27:49,756   Cooling down an extra 60s before the next chunk...
2026-07-13 20:29:19,800 [chunk_size=1] 9/189: searching ['shopaholic_sister']
2026-07-13 20:29:20,046 Rate limited (attempt 1/3). Waiting 15.2s...
2026-07-13 20:30:06,627 [chunk_size=1] 10/189: searching ['thisisliezel0']
2026-07-13 20:30:06,854 Rate limited (attempt 1/3). Waiting 15.0s...
2026-07-13 20:30:22,123 Rate limited (attempt 2/3). Waiting 31.0s...
2026-07-13 20:31:24,275 [chunk_size=1] 11/189: searching ['shoppersvirtual']
2026-07-13 20:31:24,567 Rate limited (attempt 1/3). Waiting 15.2s...
2026-07-13 20:31:39,938 Rate limited (attempt 2/3). Waiting 30.4s...
2026-07-13 20:32:10,548   ⚠️  Still rate-limited after 3 attempts — giving up for now.
2026-07-13 20:32:10,550   ⚠️  Search failed: {'code': 36009002, 'data': None, 'message': 'Too many requests for downstream. You’ve made too many requests in a short period of time. For more details: https://m.tiktok.shop/s/AIu6dbFhs2XW', 'request_id': '202607132032102B4B8311E362A67667C2'}
2026-07-13 20:32:10,550   Cooling down an extra 60s before the next chunk...
2026-07-13 20:33:40,582 [chunk_size=1] 12/189: searching ['recosbynesa']
2026-07-13 20:33:40,793 Rate limited (attempt 1/3). Waiting 15.3s...
2026-07-13 20:34:27,239 [chunk_size=1] 13/189: searching ['findingehl22']
2026-07-13 20:34:58,170 [chunk_size=1] 14/189: searching ['jhoanagrasya0614']
2026-07-13 20:34:58,395 Rate limited (attempt 1/3). Waiting 15.8s...
2026-07-13 20:35:44,905 [chunk_size=1] 15/189: searching ['lia.xx2x']
2026-07-13 20:35:45,069 Rate limited (attempt 1/3). Waiting 15.5s...
2026-07-13 20:36:00,803 Rate limited (attempt 2/3). Waiting 30.3s...
2026-07-13 20:37:01,892 [chunk_size=1] 16/189: searching ['itsmekitkat_01']
2026-07-13 20:37:02,111 Rate limited (attempt 1/3). Waiting 15.8s...
2026-07-13 20:37:18,057 Rate limited (attempt 2/3). Waiting 30.0s...
2026-07-13 20:38:19,265 [chunk_size=1] 17/189: searching ['lexxofficial1']
2026-07-13 20:38:50,559 [chunk_size=1] 18/189: searching ['cindyloraaa']
2026-07-13 20:38:50,741 Rate limited (attempt 1/3). Waiting 15.8s...
2026-07-13 20:39:06,639 Rate limited (attempt 2/3). Waiting 30.2s...
2026-07-13 20:39:37,137   ⚠️  Still rate-limited after 3 attempts — giving up for now.
2026-07-13 20:39:37,137   ⚠️  Search failed: {'code': 36009002, 'data': None, 'message': 'Too many requests for downstream. You’ve made too many requests in a short period of time. For more details: https://m.tiktok.shop/s/AIu6dbFhs2XW', 'request_id': '20260713203936129358A04A1FFE734B69'}
2026-07-13 20:39:37,137   Cooling down an extra 60s before the next chunk...
2026-07-13 20:41:07,184 [chunk_size=1] 19/189: searching ['blaisse']
2026-07-13 20:41:38,583 [chunk_size=1] 20/189: searching ['reiseyeee_06']
2026-07-13 20:41:38,769 Rate limited (attempt 1/3). Waiting 15.1s...
2026-07-13 20:41:54,028 Rate limited (attempt 2/3). Waiting 30.6s...
2026-07-13 20:42:24,856   ⚠️  Still rate-limited after 3 attempts — giving up for now.
2026-07-13 20:42:24,856   ⚠️  Search failed: {'code': 36009002, 'data': None, 'message': 'Too many requests for downstream. You’ve made too many requests in a short period of time. For more details: https://m.tiktok.shop/s/AIu6dbFhs2XW', 'request_id': '202607132042247E97C16879536A71C527'}
2026-07-13 20:42:24,856   Cooling down an extra 60s before the next chunk...
2026-07-13 20:43:54,905 [chunk_size=1] 21/189: searching ['lhenies']
2026-07-13 20:43:55,054 Rate limited (attempt 1/3). Waiting 15.1s...
2026-07-13 20:44:41,296 [chunk_size=1] 22/189: searching ['flfychm']
2026-07-13 20:45:12,071 [chunk_size=1] 23/189: searching ['iladongspotted24']
2026-07-13 20:45:43,111 [chunk_size=1] 24/189: searching ['lovely.anne21']
2026-07-13 20:46:14,454 [chunk_size=1] 25/189: searching ['youbeauty_hub']
2026-07-13 20:48:28,376 [chunk_size=5] 1/240: searching ['ginoroqueiv', 'agapearliyshop', 'rosmar.acaiberry.legit', 'missmeljc', 'skincarechuchay']
2026-07-13 20:49:00,301 [chunk_size=5] 2/240: searching ['shoppersvirtual', 'cindyloraaa', 'reiseyeee_06', 'youbeauty_hub', 'mariellaaguinaldo']
2026-07-13 20:49:31,939 [chunk_size=5] 3/240: searching ['danibarrettop', 'walalangto313', 'trendeezone', 'assortedproductshopping', 'annecorpz']
2026-07-13 20:49:32,155 Rate limited (attempt 1/3). Waiting 15.9s...
2026-07-13 20:49:48,165 Rate limited (attempt 2/3). Waiting 30.9s...
2026-07-13 20:50:50,589 [chunk_size=5] 4/240: searching ['mariprisgallogall', 'popochiiko', 'momstuff10', 'atchealthcarecompany', 'joshdgreat17']
2026-07-13 20:50:50,851 Rate limited (attempt 1/3). Waiting 15.2s...
2026-07-13 20:51:37,368 [chunk_size=5] 5/240: searching ['angelica.gill26', 'shopwithsonjie', 'ajmndm', 'eri_daily_', 'jhenn.07']
2026-07-13 20:52:08,961 [chunk_size=5] 6/240: searching ['checkout1111', 'budolnganiii23', 'itsresyelmae', 'mqquintos', 'roronoazoroshop']
2026-07-13 20:52:40,767 [chunk_size=5] 7/240: searching ['daniiiled', 'realkathmelendez', 'jurryuy2ndacc', '_4ela2', 'maria_francel']
2026-07-13 20:52:41,032 Rate limited (attempt 1/3). Waiting 15.0s...
2026-07-13 20:53:27,636 [chunk_size=5] 8/240: searching ['centrum.ph', 'cassiecorner03', 'super.renmario', 'myraphilippines', 'pinkperegrin']
2026-07-13 20:53:27,800 Rate limited (attempt 1/3). Waiting 15.5s...
2026-07-13 20:54:14,214 [chunk_size=5] 9/240: searching ['sixfigsminimum', 'salveobarleydaily', 'mmum_me', 'looksmaxxingstuff', 'dasurichoi__']
2026-07-13 20:54:45,522 [chunk_size=5] 10/240: searching ['angelyshop7.16', 'mommy_rochelle08', '.claryang', 'arvynnmithi16', 'jhnmrkyyyy']
2026-07-13 20:54:45,700 Rate limited (attempt 1/3). Waiting 15.0s...
2026-07-13 20:55:00,852 Rate limited (attempt 2/3). Waiting 30.4s...
2026-07-13 20:56:02,880 [chunk_size=5] 11/240: searching ['carlexshop16', 'llessur04', 'quickhealthph01', 'heartbrave.22', 'rsnpremium']
2026-07-13 20:56:03,112 Rate limited (attempt 1/3). Waiting 15.3s...
2026-07-13 20:56:18,521 Rate limited (attempt 2/3). Waiting 30.2s...
2026-07-13 20:56:48,864   ⚠️  Still rate-limited after 3 attempts — giving up for now.
2026-07-13 20:56:48,867   ⚠️  Search failed: {'code': 36009002, 'data': None, 'message': 'Too many requests for downstream. You’ve made too many requests in a short period of time. For more details: https://m.tiktok.shop/s/AIu6dbFhs2XW', 'request_id': '202607132056481F0BBA694DF0F071C87B'}
2026-07-13 20:56:48,867   Cooling down an extra 60s before the next chunk...
2026-07-13 20:58:18,922 [chunk_size=5] 12/240: searching ['jenny.butihen1', 'naurvermind', 'cristelrosederla', 'rhioxoreo', 'stoicfindsph']
2026-07-13 20:58:19,089 Rate limited (attempt 1/3). Waiting 15.5s...
2026-07-13 20:59:05,551 [chunk_size=5] 13/240: searching ['reeceaalissey', 'kurtynah', 'loujeanxxx', 'yortyy11', 'itsmemsrave']
2026-07-13 20:59:37,041 [chunk_size=5] 14/240: searching ['shamir_080699', 'randomrecos11', 'theresetiangco', 'craftmania8', 'aihori75']
2026-07-13 21:00:08,940 [chunk_size=5] 15/240: searching ['beautydustwellness', 'bernardostella_', 'rexj_30', 'jackdelrosarioo', 'mommy.best.finds']
2026-07-13 21:00:09,091 Rate limited (attempt 1/3). Waiting 15.6s...
2026-07-13 21:00:24,804 Rate limited (attempt 2/3). Waiting 30.8s...
2026-07-13 21:00:55,791   ⚠️  Still rate-limited after 3 attempts — giving up for now.
2026-07-13 21:00:55,791   ⚠️  Search failed: {'code': 36009002, 'data': None, 'message': 'Too many requests for downstream. You’ve made too many requests in a short period of time. For more details: https://m.tiktok.shop/s/AIu6dbFhs2XW', 'request_id': '20260713210055B00730DDE17DCB7300FC'}
2026-07-13 21:00:55,791   Cooling down an extra 60s before the next chunk...
2026-07-13 21:02:25,824 [chunk_size=5] 16/240: searching ['ligayahartvlogz', 'ruvross', 'maitorres16', 'miss_daphne17', 'edg.trendyfinds']
2026-07-13 21:02:26,033 Rate limited (attempt 1/3). Waiting 15.8s...
2026-07-13 21:02:41,950 Rate limited (attempt 2/3). Waiting 30.4s...
2026-07-13 21:03:43,663 [chunk_size=5] 17/240: searching ['miezu_zy', 'novren_2', 'nanie0433', '_a.nbng', 'leng.taguiam']
2026-07-13 21:03:43,864 Rate limited (attempt 1/3). Waiting 15.0s...
2026-07-13 21:03:59,017 Rate limited (attempt 2/3). Waiting 30.8s...
2026-07-13 21:04:29,964   ⚠️  Still rate-limited after 3 attempts — giving up for now.
2026-07-13 21:04:29,966   ⚠️  Search failed: {'code': 36009002, 'data': None, 'message': 'Too many requests for downstream. You’ve made too many requests in a short period of time. For more details: https://m.tiktok.shop/s/AIu6dbFhs2XW', 'request_id': '20260713210429960EDB88FF6D8678513A'}
2026-07-13 21:04:29,966   Cooling down an extra 60s before the next chunk...
2026-07-13 21:06:00,014 [chunk_size=5] 18/240: searching ['maerecos', 'isaylovee', 'fyp.shopey', 'patricia.cayetano', 'katgab_b']
2026-07-13 21:06:31,791 [chunk_size=5] 19/240: searching ['got.choo', 'letishavelasco', 'altinalatina', 'itsmeeealysa', 'godbless4t0']
2026-07-13 21:06:31,955 Rate limited (attempt 1/3). Waiting 15.7s...
2026-07-13 21:06:47,827 Rate limited (attempt 2/3). Waiting 30.2s...
2026-07-13 21:07:49,420 [chunk_size=5] 20/240: searching ['barbiearms0', 'unica_0316', '_apostoldaph', 'kulitanbrothers', 'joe.denzel']
2026-07-13 21:07:49,610 Rate limited (attempt 1/3). Waiting 15.8s...
2026-07-13 21:08:05,690 Rate limited (attempt 2/3). Waiting 30.1s...
2026-07-13 21:08:36,020   ⚠️  Still rate-limited after 3 attempts — giving up for now.
2026-07-13 21:08:36,020   ⚠️  Search failed: {'code': 36009002, 'data': None, 'message': 'Too many requests for downstream. You’ve made too many requests in a short period of time. For more details: https://m.tiktok.shop/s/AIu6dbFhs2XW', 'request_id': '20260713210835380AA3CDA70004732CAA'}
2026-07-13 21:08:36,020   Cooling down an extra 60s before the next chunk...
2026-07-13 21:10:06,079 [chunk_size=5] 21/240: searching ['chloecaluag', 'kwaresmajaja', '_pretut', 'bestbuy2021', 'slay_queen544']
2026-07-13 21:10:37,497 [chunk_size=5] 22/240: searching ['meiojhace', 'jayhigashiyama', 'ell199704', 'imkatth', 'kai118283']
2026-07-13 21:10:37,697 Rate limited (attempt 1/3). Waiting 15.7s...
2026-07-13 21:10:53,587 Rate limited (attempt 2/3). Waiting 30.8s...
2026-07-13 21:11:55,986 [chunk_size=5] 23/240: searching ['cheez_cake0', 'missylethal_23', 'foryourbeautyph', 'tiktokshop_09', 'mommykhayedailyvlog']
2026-07-13 21:11:56,160 Rate limited (attempt 1/3). Waiting 15.7s...
2026-07-13 21:12:11,959 Rate limited (attempt 2/3). Waiting 30.4s...
2026-07-13 21:13:14,090 [chunk_size=5] 24/240: searching ['_things2buy', 'chellemi0211', 'ellebarbacion', 'itsme.javee0914', 'hifo555']
2026-07-13 21:13:45,550 [chunk_size=5] 25/240: searching ['buensyete8', 'realhustler.1', 'hulyodelacruz_', 'ronz1312', 'coleenlph']
2026-07-13 21:13:45,804 Rate limited (attempt 1/3). Waiting 15.4s...
2026-07-13 21:14:32,881 [chunk_size=5] 26/240: searching ['aezyxxiv', 'yunizzzb', '_tineelicious_', 'mclwindowshopping16', 'airahlunair']
2026-07-13 21:14:33,044 Rate limited (attempt 1/3). Waiting 15.7s...
2026-07-13 21:14:48,948 Rate limited (attempt 2/3). Waiting 30.7s...
2026-07-13 21:15:19,793   ⚠️  Still rate-limited after 3 attempts — giving up for now.
2026-07-13 21:15:19,795   ⚠️  Search failed: {'code': 36009002, 'data': None, 'message': 'Too many requests for downstream. You’ve made too many requests in a short period of time. For more details: https://m.tiktok.shop/s/AIu6dbFhs2XW', 'request_id': '202607132115197201978A09E04B7A1EA6'}
2026-07-13 21:15:19,795   Cooling down an extra 60s before the next chunk...
2026-07-13 21:16:49,838 [chunk_size=5] 27/240: searching ['rand0m.thingstar', 'mrs_dschwartz', 'glowwithtine', 'moo0nlighttt', 'kinghenry.fan714']
2026-07-13 21:16:49,989 Rate limited (attempt 1/3). Waiting 15.8s...
2026-07-13 21:17:05,918 Rate limited (attempt 2/3). Waiting 30.2s...
2026-07-13 21:18:07,560 [chunk_size=5] 28/240: searching ['travelwith_joshua', 'apengsshop', 'buy1take1shop', 'jsvee', 'shinduko.audrey']
2026-07-13 21:18:07,778 Rate limited (attempt 1/3). Waiting 15.8s...
2026-07-13 21:18:23,763 Rate limited (attempt 2/3). Waiting 30.9s...
2026-07-13 21:18:54,853   ⚠️  Still rate-limited after 3 attempts — giving up for now.
2026-07-13 21:18:54,854   ⚠️  Search failed: {'code': 36009002, 'data': None, 'message': 'Too many requests for downstream. You’ve made too many requests in a short period of time. For more details: https://m.tiktok.shop/s/AIu6dbFhs2XW', 'request_id': '20260713211854D654F5C12DD23ABC315F'}
2026-07-13 21:18:54,854   Cooling down an extra 60s before the next chunk...
2026-07-13 21:20:24,880 [chunk_size=5] 29/240: searching ['kyletalusig', 'rmdeeee', '._shangg', 'vinlynaturespharmacy', 'affiliatehiddengems']
2026-07-13 21:20:25,063 Rate limited (attempt 1/3). Waiting 15.1s...
2026-07-13 21:21:12,319 [chunk_size=5] 30/240: searching ['addtocartph2026', '17_keyxiie', 'randombudolfindz', 'jicslr', 'recos.by_heira']
2026-07-13 21:21:44,097 [chunk_size=5] 31/240: searching ['davidwanderer69', 'thllpz333', 'kalusugantipsph', 'mercuryking8', 'miauy05']
2026-07-13 21:22:15,569 [chunk_size=5] 32/240: searching ['brazil_renjieannb', 'loveleo_recos', 'youngggme3', '_vanillagurl', 'bellamyshop2.0']
2026-07-13 21:22:15,915 Rate limited (attempt 1/3). Waiting 15.7s...
2026-07-13 21:22:31,680 Rate limited (attempt 2/3). Waiting 31.0s...
2026-07-13 21:23:02,800   ⚠️  Still rate-limited after 3 attempts — giving up for now.
2026-07-13 21:23:02,805   ⚠️  Search failed: {'code': 36009002, 'data': None, 'message': 'Too many requests for downstream. You’ve made too many requests in a short period of time. For more details: https://m.tiktok.shop/s/AIu6dbFhs2XW', 'request_id': '20260713212302B0528FD06F544D7A6B83'}
2026-07-13 21:23:02,805   Cooling down an extra 60s before the next chunk...
2026-07-13 21:24:32,858 [chunk_size=5] 33/240: searching ['jasric_shopp', 'jperaltaaaaa', '_datboii.gian', 'she_tiktokfinds', 'johnnelborn']
2026-07-13 21:24:33,016 Rate limited (attempt 1/3). Waiting 15.6s...
2026-07-13 21:24:48,769 Rate limited (attempt 2/3). Waiting 30.1s...
2026-07-13 21:25:19,104   ⚠️  Still rate-limited after 3 attempts — giving up for now.
2026-07-13 21:25:19,109   ⚠️  Search failed: {'code': 36009002, 'data': None, 'message': 'Too many requests for downstream. You’ve made too many requests in a short period of time. For more details: https://m.tiktok.shop/s/AIu6dbFhs2XW', 'request_id': '202607132125187B62DD45132F2E76147A'}
2026-07-13 21:25:19,109   Cooling down an extra 60s before the next chunk...
2026-07-13 21:26:49,160 [chunk_size=5] 34/240: searching ['thebestofme65', 'rkrictap_', 'mamamerz1012', 'essenceph', 'gamtincris']
2026-07-13 21:27:20,732 [chunk_size=5] 35/240: searching ['beans19_', 'geminihoney00', 'kmbeautywellness', 'kim.ignacio', 'rizzkrlrz']
2026-07-13 21:27:20,892 Rate limited (attempt 1/3). Waiting 15.1s...
2026-07-13 21:27:36,109 Rate limited (attempt 2/3). Waiting 30.9s...
2026-07-13 21:28:39,440 [chunk_size=5] 36/240: searching ['jiwel_raf', 'silksirennn', 'mnglynneth_4', 'iiikaaanngg', 'jillianmacalinao0']
2026-07-13 21:28:39,681 Rate limited (attempt 1/3). Waiting 15.2s...
2026-07-13 21:28:55,028 Rate limited (attempt 2/3). Waiting 30.6s...
2026-07-13 21:29:25,868   ⚠️  Still rate-limited after 3 attempts — giving up for now.
2026-07-13 21:29:25,870   ⚠️  Search failed: {'code': 36009002, 'data': None, 'message': 'Too many requests for downstream. You’ve made too many requests in a short period of time. For more details: https://m.tiktok.shop/s/AIu6dbFhs2XW', 'request_id': '20260713212925FA33CED9BCC82C739515'}
2026-07-13 21:29:25,870   Cooling down an extra 60s before the next chunk...
2026-07-13 21:30:55,913 [chunk_size=5] 37/240: searching ['lenonlineshop', 'randomfinds063', 'doctoraxeri', 'creatively.dar', 'indayveloso']
2026-07-13 21:31:27,712 [chunk_size=5] 38/240: searching ['reysenpai00', 'shinyfinds06', 'jangjangs99', 'filipinosupermom', 'rbsbykimdelacerna0014']
2026-07-13 21:31:28,022 Rate limited (attempt 1/3). Waiting 15.5s...
2026-07-13 21:31:43,678 Rate limited (attempt 2/3). Waiting 30.8s...
2026-07-13 21:32:14,781   ⚠️  Still rate-limited after 3 attempts — giving up for now.
2026-07-13 21:32:14,783   ⚠️  Search failed: {'code': 36009002, 'data': None, 'message': 'Too many requests for downstream. You’ve made too many requests in a short period of time. For more details: https://m.tiktok.shop/s/AIu6dbFhs2XW', 'request_id': '20260713213214A9A211E00AEA327B5C6E'}
2026-07-13 21:32:14,783   Cooling down an extra 60s before the next chunk...
2026-07-13 21:33:44,846 [chunk_size=5] 39/240: searching ['maryjoycampo28', 'teejaylegurpa', 'lovearashi08', 'usapangtype2diabetes', 'jal_ph']
2026-07-13 21:33:45,072 Rate limited (attempt 1/3). Waiting 15.6s...
2026-07-13 21:34:00,822 Rate limited (attempt 2/3). Waiting 30.5s...
2026-07-13 21:34:31,535   ⚠️  Still rate-limited after 3 attempts — giving up for now.
2026-07-13 21:34:31,540   ⚠️  Search failed: {'code': 36009002, 'data': None, 'message': 'Too many requests for downstream. You’ve made too many requests in a short period of time. For more details: https://m.tiktok.shop/s/AIu6dbFhs2XW', 'request_id': '20260713213431C66E035EF186C774BB08'}
2026-07-13 21:34:31,540   Cooling down an extra 60s before the next chunk...
2026-07-13 21:36:01,576 [chunk_size=5] 40/240: searching ['bbbbbbho11', '__nami_anya__', 'montesjulia08', 'tingulle2', 'laurendaphne.gjccccc']
2026-07-13 21:36:01,796 Rate limited (attempt 1/3). Waiting 15.0s...
2026-07-13 21:36:16,988 Rate limited (attempt 2/3). Waiting 30.7s...
2026-07-13 21:36:48,018   ⚠️  Still rate-limited after 3 attempts — giving up for now.
2026-07-13 21:36:48,018   ⚠️  Search failed: {'code': 36009002, 'data': None, 'message': 'Too many requests for downstream. You’ve made too many requests in a short period of time. For more details: https://m.tiktok.shop/s/AIu6dbFhs2XW', 'request_id': '20260713213647C9929AF1C2EE46739252'}
2026-07-13 21:36:48,018   Cooling down an extra 60s before the next chunk...
2026-07-13 21:38:18,055 [chunk_size=5] 41/240: searching ['jaclyn.aranza', 'zevrosss', 'disdisfinds', 'tiktokyshop8', 'shopmoreph']
2026-07-13 21:38:49,980 [chunk_size=5] 42/240: searching ['mharicakes', 'jnrmsrn', 'ashieeee_56', 'akos1borj', 'ms.reya.0_0']
2026-07-13 21:39:22,305 [chunk_size=5] 43/240: searching ['mommyja1406', 'bicolandia25', 'problemsolver.17', 'marienjillfederipe', 'peachysouldee']
2026-07-13 21:39:53,865 [chunk_size=5] 44/240: searching ['stephara.tiktokfi', 'jaydyoshop', 'lengggay06', 'stfh_r', 'mycare123']
2026-07-13 21:39:54,107 Rate limited (attempt 1/3). Waiting 15.2s...
2026-07-13 21:40:40,937 [chunk_size=5] 45/240: searching ['gwybrz_', 'katrinavdg', 'richbry13', 'msoldsoul1212', 'lodsdandy']
2026-07-13 21:40:41,084 Rate limited (attempt 1/3). Waiting 15.3s...
2026-07-13 21:41:27,861 [chunk_size=5] 46/240: searching ['mamerose_10', 'user6g4aqdzlu2', 'alexabulanadi', 'teamkate2', 'marriescabral21']
2026-07-13 21:41:28,017 Rate limited (attempt 1/3). Waiting 15.7s...
2026-07-13 21:41:43,866 Rate limited (attempt 2/3). Waiting 30.7s...
2026-07-13 21:42:45,837 [chunk_size=5] 47/240: searching ['rexiefrias', 'teews68', 'dr_cecille.08', 'laarni04', 'dnaztyshop']
2026-07-13 21:42:46,028 Rate limited (attempt 1/3). Waiting 15.7s...
2026-07-13 21:43:01,949 Rate limited (attempt 2/3). Waiting 31.0s...
2026-07-13 21:43:33,147   ⚠️  Still rate-limited after 3 attempts — giving up for now.
2026-07-13 21:43:33,147   ⚠️  Search failed: {'code': 36009002, 'data': None, 'message': 'Too many requests for downstream. You’ve made too many requests in a short period of time. For more details: https://m.tiktok.shop/s/AIu6dbFhs2XW', 'request_id': '20260713214332B2A737FAFB3BEB7B4C8E'}
2026-07-13 21:43:33,147   Cooling down an extra 60s before the next chunk...
2026-07-13 21:45:03,201 [chunk_size=5] 48/240: searching ['aura.fitted', 'fan.vlogs', 'docdansoy', 'cien.urquia', 'im_lyza']
2026-07-13 21:45:35,174 [chunk_size=5] 49/240: searching ['ev3rything.health', 'anne.rox10', 'jumz0911', 'juan_maws', 'ashbobie']
2026-07-13 21:46:06,850 [chunk_size=5] 50/240: searching ['karaysa2', 'reid_does_fitness', 'echo_fitness', 'popoy.care', 'kimmyyx_']
2026-07-13 21:46:07,027 Rate limited (attempt 1/3). Waiting 15.6s...
2026-07-13 21:46:22,764 Rate limited (attempt 2/3). Waiting 30.7s...
2026-07-13 21:46:53,656   ⚠️  Still rate-limited after 3 attempts — giving up for now.
2026-07-13 21:46:53,657   ⚠️  Search failed: {'code': 36009002, 'data': None, 'message': 'Too many requests for downstream. You’ve made too many requests in a short period of time. For more details: https://m.tiktok.shop/s/AIu6dbFhs2XW', 'request_id': '202607132146537AEDB85C0673C6748449'}
2026-07-13 21:46:53,657   Cooling down an extra 60s before the next chunk...
2026-07-13 21:48:23,695 [chunk_size=5] 51/240: searching ['_hazelnuts01', 'tita_docaira', 'maejamessulitfinds', 'gellyacey_', 'nessy_girl08']
2026-07-13 21:48:23,848 Rate limited (attempt 1/3). Waiting 15.9s...
2026-07-13 21:49:11,434 [chunk_size=5] 52/240: searching ['m.caffe57', 'zachtiktokshop2', 'joylau15', 'xylpher8', 'samiqtshop11']
2026-07-13 21:49:43,021 [chunk_size=5] 53/240: searching ['wearcelaph', 'mckevin0808', 'boss_win01', 'gladsecondshop', 'jess062302']
2026-07-13 21:50:15,020 [chunk_size=5] 54/240: searching ['bahayjeepney', 'be.still_', 'laleyyemeni', 'titojod', '.4869nov21']
2026-07-13 21:50:15,197 Rate limited (attempt 1/3). Waiting 15.6s...
2026-07-13 21:50:30,984 Rate limited (attempt 2/3). Waiting 30.3s...
2026-07-13 21:51:33,355 [chunk_size=5] 55/240: searching ['mindechavez05', 'mr.xd_official', 'globalpicks3178', 'najmahacmad09', 'officialravevictoria']
2026-07-13 21:52:04,630 [chunk_size=5] 56/240: searching ['reevengenoves', 'jackyluste', 'audriekieranaaa', 'zerkseize', 'irezavenusnellasc']
2026-07-13 21:52:04,791 Rate limited (attempt 1/3). Waiting 15.9s...
2026-07-13 21:52:20,877 Rate limited (attempt 2/3). Waiting 30.6s...
2026-07-13 21:53:22,846 [chunk_size=5] 57/240: searching ['dhalclyde07', 'mommyritiktokfinds', 'ur_cancerr', 'andrellsilvestre', 'mayannshop25']
2026-07-13 21:53:23,144 Rate limited (attempt 1/3). Waiting 15.1s...
2026-07-13 21:54:10,045 [chunk_size=5] 58/240: searching ['sheen.kat', 'helloimkatz', 'kasueee23', 'momshiefinds08', 'jam_agda']
2026-07-13 21:54:10,168 Rate limited (attempt 1/3). Waiting 15.0s...
2026-07-13 21:54:56,730 [chunk_size=5] 59/240: searching ['xelextine_', 'mr.dreamboi2x', 'lunarah_3', 'shacastillo19', 'm.tc231']
2026-07-13 21:54:56,889 Rate limited (attempt 1/3). Waiting 15.2s...
2026-07-13 21:55:12,151 Rate limited (attempt 2/3). Waiting 30.7s...
2026-07-13 21:55:43,035   ⚠️  Still rate-limited after 3 attempts — giving up for now.
2026-07-13 21:55:43,037   ⚠️  Search failed: {'code': 36009002, 'data': None, 'message': 'Too many requests for downstream. You’ve made too many requests in a short period of time. For more details: https://m.tiktok.shop/s/AIu6dbFhs2XW', 'request_id': '20260713215542F3598F0B2BAF39711170'}
2026-07-13 21:55:43,037   Cooling down an extra 60s before the next chunk...
2026-07-13 21:57:13,095 [chunk_size=5] 60/240: searching ['khalewsi', 'fypdailyhub', 'noda.lifts', 'prettyash_06', 'otsomarso']
2026-07-13 21:57:44,841 [chunk_size=5] 61/240: searching ['scarlett_astrid_26', 'love_ph91', 'mmelodyanne', 'markison_dnd', 'allyson.mcbride']
2026-07-13 21:57:44,970 Rate limited (attempt 1/3). Waiting 16.0s...
2026-07-13 21:58:01,044 Rate limited (attempt 2/3). Waiting 30.2s...
2026-07-13 21:59:03,287 [chunk_size=5] 62/240: searching ['findswithmsann', 'heydavie', 'atarah.faith.ilag', 'zzzr.0', 'aviegene']
2026-07-13 21:59:35,445 [chunk_size=5] 63/240: searching ['itsmeannlynmeryll', 'checkouthere1', 'lheeen1997', '.leyrecos', 'lillycosmeticsph']
2026-07-13 21:59:35,672 Rate limited (attempt 1/3). Waiting 15.4s...
2026-07-13 21:59:51,162 Rate limited (attempt 2/3). Waiting 30.0s...
2026-07-13 22:00:53,110 [chunk_size=5] 64/240: searching ['foodieshop', 'mrmjsalon1995', 'tiktokfinds153', '3luckyme3', 'mr_tabagwang']
2026-07-13 22:01:24,756 [chunk_size=5] 65/240: searching ['cherrylting', 'maebel2002', 'mommyniksssdiary', 'mon2326', 'shaveanna']
2026-07-13 22:01:24,937 Rate limited (attempt 1/3). Waiting 15.8s...
2026-07-13 22:01:40,882 Rate limited (attempt 2/3). Waiting 30.5s...
2026-07-13 22:02:43,217 [chunk_size=5] 66/240: searching ['rossee_vanny', 'leahmobile01', 'red.liva1', 'kisayquitiol', 'emierosee.dimaala']
2026-07-13 22:03:15,062 [chunk_size=5] 67/240: searching ['itsmeiab', 'yourshoppingbody1', 'pesomartonline', 'rosemariemadrigal2', 'faithdelacruz_']
2026-07-13 22:03:46,838 [chunk_size=5] 68/240: searching ['kayzeaa0', 'ka3nalou06', 'bodyfitbyeric', 'mindset.legazy', '_jhnverse']
2026-07-13 22:03:47,035 Rate limited (attempt 1/3). Waiting 15.7s...
2026-07-13 22:04:02,833 Rate limited (attempt 2/3). Waiting 30.4s...
2026-07-13 22:04:33,470   ⚠️  Still rate-limited after 3 attempts — giving up for now.
2026-07-13 22:04:33,470   ⚠️  Search failed: {'code': 36009002, 'data': None, 'message': 'Too many requests for downstream. You’ve made too many requests in a short period of time. For more details: https://m.tiktok.shop/s/AIu6dbFhs2XW', 'request_id': '20260713220433900044F191AC467C3567'}
2026-07-13 22:04:33,470   Cooling down an extra 60s before the next chunk...
2026-07-13 22:06:03,546 [chunk_size=5] 69/240: searching ['mommy.yhanie', 'yassibenitez05', 'bbyshop62', 'ms_love026', '_findsbyali']
2026-07-13 22:06:03,762 Rate limited (attempt 1/3). Waiting 16.0s...
2026-07-13 22:06:19,905 Rate limited (attempt 2/3). Waiting 30.4s...
2026-07-13 22:06:50,708   ⚠️  Still rate-limited after 3 attempts — giving up for now.
2026-07-13 22:06:50,710   ⚠️  Search failed: {'code': 36009002, 'data': None, 'message': 'Too many requests for downstream. You’ve made too many requests in a short period of time. For more details: https://m.tiktok.shop/s/AIu6dbFhs2XW', 'request_id': '202607132206507657300CC398DFBBF671'}
2026-07-13 22:06:50,710   Cooling down an extra 60s before the next chunk...
2026-07-13 22:08:20,753 [chunk_size=5] 70/240: searching ['tempehqueenph', 'reginaasajarbacunawa', 'mhceacv', 'sa_findss', 'itsmejenny063']
2026-07-13 22:08:20,898 Rate limited (attempt 1/3). Waiting 15.4s...
2026-07-13 22:09:07,552 [chunk_size=5] 71/240: searching ['pauleenespina_', 'xen_recos', 'denimlab', 'verizenshop', 'nalyn_86']
2026-07-13 22:09:07,776 Rate limited (attempt 1/3). Waiting 15.7s...
2026-07-13 22:09:23,592 Rate limited (attempt 2/3). Waiting 30.6s...
2026-07-13 22:10:25,767 [chunk_size=5] 72/240: searching ['hazeleecollinsesp', 'jstn.dnd', 'ashzzen', 'ronnygotstyle', 'pinoyaffiliates']
2026-07-13 22:10:25,923 Rate limited (attempt 1/3). Waiting 15.2s...
2026-07-13 22:11:12,600 [chunk_size=5] 73/240: searching ['ju5tin02', 'heyitsmetin1', 'kimpeeee', 'stvryy_ke', 'itsyour_kat']
2026-07-13 22:11:12,763 Rate limited (attempt 1/3). Waiting 15.4s...
2026-07-13 22:12:00,062 [chunk_size=5] 74/240: searching ['eveliobarion', 'bykoleen', 'denbeee3', '07shopsphere', 'kleacpineda']
2026-07-13 22:12:31,676 [chunk_size=5] 75/240: searching ['itzjeoong', 'ms.mariz.shop', 'mrsgura', 'dreishop10', 'itsmey_finds']
2026-07-13 22:12:31,782 Rate limited (attempt 1/3). Waiting 15.0s...
2026-07-13 22:12:46,903 Rate limited (attempt 2/3). Waiting 30.7s...
2026-07-13 22:13:49,149 [chunk_size=5] 76/240: searching ['hoyailoveyou', 'herrangel', 'raevenae', 'roanblyttt', 'ms.havenvanityroom']
2026-07-13 22:14:21,002 [chunk_size=5] 77/240: searching ['glyn.finds', 'jewel.parasdas', 'steph_healingjourney', 'kj4kerz', 'prettymomshop']
2026-07-13 22:14:21,198 Rate limited (attempt 1/3). Waiting 15.4s...
2026-07-13 22:14:36,687 Rate limited (attempt 2/3). Waiting 30.6s...
2026-07-13 22:15:07,460   ⚠️  Still rate-limited after 3 attempts — giving up for now.
2026-07-13 22:15:07,462   ⚠️  Search failed: {'code': 36009002, 'data': None, 'message': 'Too many requests for downstream. You’ve made too many requests in a short period of time. For more details: https://m.tiktok.shop/s/AIu6dbFhs2XW', 'request_id': '2026071322150730E3504C6DA746BE59E2'}
2026-07-13 22:15:07,462   Cooling down an extra 60s before the next chunk...
2026-07-13 22:16:37,518 [chunk_size=5] 78/240: searching ['rainy1823', 'gooddealsphtv', 'ronmae5', 'iriss_yours', 'greenlover167']
2026-07-13 22:16:37,810 Rate limited (attempt 1/3). Waiting 15.7s...
2026-07-13 22:16:55,671 Rate limited (attempt 2/3). Waiting 30.9s...
2026-07-13 22:17:26,866   ⚠️  Still rate-limited after 3 attempts — giving up for now.
2026-07-13 22:17:26,868   ⚠️  Search failed: {'code': 36009002, 'data': None, 'message': 'Too many requests for downstream. You’ve made too many requests in a short period of time. For more details: https://m.tiktok.shop/s/AIu6dbFhs2XW', 'request_id': '20260713221726361020DCD11C3B723FA5'}
2026-07-13 22:17:26,868   Cooling down an extra 60s before the next chunk...
2026-07-13 22:18:56,919 [chunk_size=5] 79/240: searching ['islandgmaviey', 'healthteaph', 'dodithdeleon', 'camsydyy', 'natasha.dayuta']
2026-07-13 22:18:57,065 Rate limited (attempt 1/3). Waiting 15.6s...
2026-07-13 22:19:12,751 Rate limited (attempt 2/3). Waiting 30.8s...
2026-07-13 22:19:43,776   ⚠️  Still rate-limited after 3 attempts — giving up for now.
2026-07-13 22:19:43,779   ⚠️  Search failed: {'code': 36009002, 'data': None, 'message': 'Too many requests for downstream. You’ve made too many requests in a short period of time. For more details: https://m.tiktok.shop/s/AIu6dbFhs2XW', 'request_id': '20260713221943E6C29EC58A9A08BB1252'}
2026-07-13 22:19:43,779   Cooling down an extra 60s before the next chunk...
2026-07-13 22:21:13,837 [chunk_size=5] 80/240: searching ['tapcart.ph', 'tiktokaffilliatefaith', 'titamomorena', 'theelducalfamily2022', 'barbieforteza8doneyet']
2026-07-13 22:21:14,008 Rate limited (attempt 1/3). Waiting 15.3s...
2026-07-13 22:22:02,099 [chunk_size=5] 81/240: searching ['ehrajeanroman4', 'capricornvan004', 'jejuclub.co', 'kenjannn', 'chaanddenz']
2026-07-13 22:22:34,115 [chunk_size=5] 82/240: searching ['_mikeereyes', 'kathrineyuri', '_kcncc_', 'sorsoganongmauragon123', 'alexcnsto']
2026-07-13 22:23:06,541 [chunk_size=5] 83/240: searching ['fresh_aura13', 'randomrecos.shop', 'wennieoway', 'nicoleeemo26', 'raregine15']
2026-07-13 22:23:06,728 Rate limited (attempt 1/3). Waiting 15.4s...
2026-07-13 22:23:53,460 [chunk_size=5] 84/240: searching ['misismatet', 'neeyanhua', 'harvey1105', 'akosibernald', 'yanibellz']
2026-07-13 22:23:53,662 Rate limited (attempt 1/3). Waiting 15.7s...
2026-07-13 22:24:40,988 [chunk_size=5] 85/240: searching ['riyo_tolentino', 'pinpinkbutter', 'danieline023', 'cie4nne', 'nursecelyn_ng_batangas']
2026-07-13 22:24:41,169 Rate limited (attempt 1/3). Waiting 15.2s...
2026-07-13 22:25:28,506 [chunk_size=5] 86/240: searching ['_kanuya4', 'justin_coveney', 'aibudolgadz', 'mryuanz_13', 'baculi59']
2026-07-13 22:26:00,135 [chunk_size=5] 87/240: searching ['pinkishhh5', 'theshowcase_', 'cel.castle', 'buitrealejandro', 'erimdyy']
2026-07-13 22:26:31,553 [chunk_size=5] 88/240: searching ['jilyumfinds', 'lovejanie168', 'sasang374', 'katchmeanywear', 'itsiceloriiiijellyyyy']
2026-07-13 22:27:02,747 [chunk_size=5] 89/240: searching ['badreydrey', 'jamesantero06', 'reca_pu10', 'its.me.enna.yay', 'sulitdealsshop3']
2026-07-13 22:27:02,997 Rate limited (attempt 1/3). Waiting 15.6s...
2026-07-13 22:27:18,927 Rate limited (attempt 2/3). Waiting 30.9s...
2026-07-13 22:27:50,070   ⚠️  Still rate-limited after 3 attempts — giving up for now.
2026-07-13 22:27:50,072   ⚠️  Search failed: {'code': 36009002, 'data': None, 'message': 'Too many requests for downstream. You’ve made too many requests in a short period of time. For more details: https://m.tiktok.shop/s/AIu6dbFhs2XW', 'request_id': '2026071322274904F5B740119F297CDCFA'}
2026-07-13 22:27:50,072   Cooling down an extra 60s before the next chunk...
2026-07-13 22:29:20,135 [chunk_size=5] 90/240: searching ['jallyanndino', 'junboygarcia', 'happyshop470', 'careomsse', 'budoy.aer']
2026-07-13 22:29:52,067 [chunk_size=5] 91/240: searching ['pjusfer', 'trenatshop', 'cathychiong2', 'mmyysshhoopp', 'vane.mnrs']
2026-07-13 22:30:23,576 [chunk_size=5] 92/240: searching ['vcokezi', 'sbgsalveorganicbarley', 'chii.zuki', 'devinrey', 'abbyshop_affiliate']
2026-07-13 22:30:23,749 Rate limited (attempt 1/3). Waiting 15.4s...
2026-07-13 22:31:10,904 [chunk_size=5] 93/240: searching ['preciousmarlette', 'reezeflores', 'thecjreyes88', 'neshuwpp', 'jhiyahpelaez']
2026-07-13 22:31:11,078 Rate limited (attempt 1/3). Waiting 15.8s...
2026-07-13 22:31:58,730 [chunk_size=5] 94/240: searching ['rachelle42392', 'nnaaaya', 'andiebiotic820mg', 'chellysassy', 'joybasa_']
2026-07-13 22:31:58,920 Rate limited (attempt 1/3). Waiting 15.4s...
2026-07-13 22:32:45,974 [chunk_size=5] 95/240: searching ['ms.o10', 'nutricmaxx', 'dumpshkz', 'notrysthetics', 'norman_finds']
2026-07-13 22:32:46,176 Rate limited (attempt 1/3). Waiting 15.1s...
2026-07-13 22:33:32,593 [chunk_size=5] 96/240: searching ['shairapngnbn', 'juliana.denisee', 'jm.wellness23', 'ezekiel9640', 'starkulot06']
2026-07-13 22:33:32,756 Rate limited (attempt 1/3). Waiting 15.1s...
2026-07-13 22:33:48,032 Rate limited (attempt 2/3). Waiting 30.1s...
2026-07-13 22:34:49,535 [chunk_size=5] 97/240: searching ['_brellasima', 'cssndr28_', 'cutierojjjj', 'vhiannnn', 'bykaydee']
2026-07-13 22:34:49,874 Rate limited (attempt 1/3). Waiting 15.0s...
2026-07-13 22:35:05,154 Rate limited (attempt 2/3). Waiting 30.8s...
2026-07-13 22:35:36,138   ⚠️  Still rate-limited after 3 attempts — giving up for now.
2026-07-13 22:35:36,140   ⚠️  Search failed: {'code': 36009002, 'data': None, 'message': 'Too many requests for downstream. You’ve made too many requests in a short period of time. For more details: https://m.tiktok.shop/s/AIu6dbFhs2XW', 'request_id': '202607132235352EADD296E53139BD2AC6'}
2026-07-13 22:35:36,140   Cooling down an extra 60s before the next chunk...
2026-07-13 22:37:06,195 [chunk_size=5] 98/240: searching ['kennyrogerrrzzzz', 'ernarmdio', 'fe.olshoop', 'missjesssssss', 'tita.frank']
2026-07-13 22:37:37,752 [chunk_size=5] 99/240: searching ['grasya5020', 'szstar159', 'katsienna', 'shop.me111688', '91yhcb']
2026-07-13 22:37:37,935 Rate limited (attempt 1/3). Waiting 15.2s...
2026-07-13 22:38:24,658 [chunk_size=5] 100/240: searching ['anagfeleo', 'asdfreetea', 'ag.tiktokfindssss', 'brentmanalosana', 'emgutierrez10']
2026-07-13 22:38:24,839 Rate limited (attempt 1/3). Waiting 15.8s...
2026-07-13 22:38:40,745 Rate limited (attempt 2/3). Waiting 30.6s...
2026-07-13 22:39:11,538   ⚠️  Still rate-limited after 3 attempts — giving up for now.
2026-07-13 22:39:11,539   ⚠️  Search failed: {'code': 36009002, 'data': None, 'message': 'Too many requests for downstream. You’ve made too many requests in a short period of time. For more details: https://m.tiktok.shop/s/AIu6dbFhs2XW', 'request_id': '2026071322391197647CD548C5457538BE'}
2026-07-13 22:39:11,540   Cooling down an extra 60s before the next chunk...
2026-07-13 22:40:41,617 [chunk_size=5] 101/240: searching ['cessaharah', 'xireal_nn', 'mamaye061', 'goodkidpaul', 'alii.ciiaa']
2026-07-13 22:40:41,780 Rate limited (attempt 1/3). Waiting 15.9s...
2026-07-13 22:40:57,831 Rate limited (attempt 2/3). Waiting 30.5s...
2026-07-13 22:41:59,939 [chunk_size=5] 102/240: searching ['only_ms.mae', 'pinoywellnesshub1', 'polamendoza__', 'getwellwithdro', 'jcendaya']
2026-07-13 22:42:00,112 Rate limited (attempt 1/3). Waiting 15.6s...
2026-07-13 22:42:15,828 Rate limited (attempt 2/3). Waiting 30.4s...
2026-07-13 22:43:17,736 [chunk_size=5] 103/240: searching ['official_alyannaa', 'rby.anne', 'heironymus00', 'soolucky68', 'angela.alvrez']
2026-07-13 22:43:17,879 Rate limited (attempt 1/3). Waiting 15.7s...
2026-07-13 22:44:05,003 [chunk_size=5] 104/240: searching ['mayumiglow', 'lhab.pnsln', 'jaiagpangan', 'clarence.grana', 'tipsnikuyajay']
2026-07-13 22:44:36,623 [chunk_size=5] 105/240: searching ['pretty_dap', 'erikajdy', 'ynahhhh0', 'yumirecosph', 'ajgo1998']
2026-07-13 22:44:36,823 Rate limited (attempt 1/3). Waiting 15.8s...
2026-07-13 22:44:52,761 Rate limited (attempt 2/3). Waiting 30.2s...
2026-07-13 22:45:23,196   ⚠️  Still rate-limited after 3 attempts — giving up for now.
2026-07-13 22:45:23,198   ⚠️  Search failed: {'code': 36009002, 'data': None, 'message': 'Too many requests for downstream. You’ve made too many requests in a short period of time. For more details: https://m.tiktok.shop/s/AIu6dbFhs2XW', 'request_id': '202607132245226AFE2F47ED163B7CDB70'}
2026-07-13 22:45:23,198   Cooling down an extra 60s before the next chunk...
2026-07-13 22:46:53,262 [chunk_size=5] 106/240: searching ['andreacnslr', 'elamay181', 'mariellejpa', 'dasha_eden', '_keith.3']
2026-07-13 22:47:25,081 [chunk_size=5] 107/240: searching ['jamesrecos', 'janelyn_lequigan', 'glutagen_c', 'bayuye_16', 'malou240918']
2026-07-13 22:47:56,813 [chunk_size=5] 108/240: searching ['its_jeff5', 'annlynmeryllonig_', 'livephotoshop.22', 'smartcart.a1', 'ciijay9']
2026-07-13 22:47:57,000 Rate limited (attempt 1/3). Waiting 15.5s...
2026-07-13 22:48:44,254 [chunk_size=5] 109/240: searching ['mjts92', 'reeldp.08', 'xtianbaquero', 'tonnahaffli', '888niana']
2026-07-13 22:49:15,938 [chunk_size=5] 110/240: searching ['bodegaplusph', 'bryannreyez', 'norlyngamboa', 'justinejessa', 'teacherelma']
2026-07-13 22:49:16,109 Rate limited (attempt 1/3). Waiting 15.2s...
2026-07-13 22:50:03,095 [chunk_size=5] 111/240: searching ['aamarah3', 'jamesbrellon', 'jenardreoliquio', 'maesatsuki', 'teyayarn1']
2026-07-13 22:50:34,519 [chunk_size=5] 112/240: searching ['recosbywineth', 'celinenobleza', 'itspapaar07', 'mr.healthy.guy', 'mommykasoy02']
2026-07-13 22:51:06,619 [chunk_size=5] 113/240: searching ['beesexybeefit', 'maxy.picks', 'mrjmshne', 'ms.leah024', 'oodseller3']
2026-07-13 22:51:06,794 Rate limited (attempt 1/3). Waiting 15.3s...
2026-07-13 22:51:22,210 Rate limited (attempt 2/3). Waiting 31.0s...
2026-07-13 22:52:24,826 [chunk_size=5] 114/240: searching ['introvart26', 'roses_are_annierosie', 'iamkunz', 'mthslh', 'shopwith.jen']
2026-07-13 22:52:24,958 Rate limited (attempt 1/3). Waiting 15.4s...
2026-07-13 22:53:11,903 [chunk_size=5] 115/240: searching ['glowupavenue2026', 'yayan_bonifacio', 'mervic30', 'maricelsenodriz', 'kervss_5']
2026-07-13 22:53:12,066 Rate limited (attempt 1/3). Waiting 15.5s...
2026-07-13 22:53:59,229 [chunk_size=5] 116/240: searching ['rapperturnedyapper', 'cutierecos', 'ferrerstrt', 'findanytingphil', 'mitcharizala3']
2026-07-13 22:54:30,963 [chunk_size=5] 117/240: searching ['hanabishi330', 'itsmepameron3', 'zirinibility', 'miss.jed_collection', 'brttnyshop']
2026-07-13 22:54:31,142 Rate limited (attempt 1/3). Waiting 15.0s...
2026-07-13 22:55:17,581 [chunk_size=5] 118/240: searching ['shirowades', 'jgcastle_19', 'lycanr0c23', 'xoxomsbee', 'jsph.slv']
2026-07-13 22:55:17,780 Rate limited (attempt 1/3). Waiting 15.4s...
2026-07-13 22:56:04,927 [chunk_size=5] 119/240: searching ['sharedbybel', 'strawberrycoco0', 'yinxyoo', 'deyvfits', 'hrveyyy']
2026-07-13 22:56:05,077 Rate limited (attempt 1/3). Waiting 15.4s...
2026-07-13 22:56:52,073 [chunk_size=5] 120/240: searching ['mykaspace', 'eyvoji', 'vibewithjey.em', 'evorifinds', 'misisbeee']
2026-07-13 22:56:52,224 Rate limited (attempt 1/3). Waiting 15.0s...
2026-07-13 22:57:38,983 [chunk_size=5] 121/240: searching ['michipichiii', 'everydayfindsbyjay', 'abcd0_012345678', 'khimberlyjoie20', 'erikaamara11']
2026-07-13 22:57:39,145 Rate limited (attempt 1/3). Waiting 15.7s...
2026-07-13 22:57:54,932 Rate limited (attempt 2/3). Waiting 30.9s...
2026-07-13 22:58:25,980   ⚠️  Still rate-limited after 3 attempts — giving up for now.
2026-07-13 22:58:25,981   ⚠️  Search failed: {'code': 36009002, 'data': None, 'message': 'Too many requests for downstream. You’ve made too many requests in a short period of time. For more details: https://m.tiktok.shop/s/AIu6dbFhs2XW', 'request_id': '20260713225825651950C3E8925C77C5FA'}
2026-07-13 22:58:25,983   Cooling down an extra 60s before the next chunk...
2026-07-13 22:59:56,076 [chunk_size=5] 122/240: searching ['anieeeee0_2.0', '_bingkaii', 'reco_thingss', 'michaelvillamor', 'mommy.gin4']
2026-07-13 23:00:27,705 [chunk_size=5] 123/240: searching ['idlemics', 'zhiazx', 'mgracias93', 'yunachiara', 'stylesensee']
2026-07-13 23:00:27,885 Rate limited (attempt 1/3). Waiting 15.0s...
2026-07-13 23:00:43,010 Rate limited (attempt 2/3). Waiting 30.5s...
2026-07-13 23:01:13,676   ⚠️  Still rate-limited after 3 attempts — giving up for now.
2026-07-13 23:01:13,679   ⚠️  Search failed: {'code': 36009002, 'data': None, 'message': 'Too many requests for downstream. You’ve made too many requests in a short period of time. For more details: https://m.tiktok.shop/s/AIu6dbFhs2XW', 'request_id': '202607132301134DC5B7902379EBBF7A07'}
2026-07-13 23:01:13,679   Cooling down an extra 60s before the next chunk...
2026-07-13 23:02:43,773 [chunk_size=5] 124/240: searching ['allysanglay', 'zakkia_shop', 'acris925', 'jharisah5', 'jasminjacinto22']
2026-07-13 23:02:44,011 Rate limited (attempt 1/3). Waiting 15.6s...
2026-07-13 23:03:31,333 [chunk_size=5] 125/240: searching ['iggyludlai', 'thalie20shop', 'tephyneriii', 'lilo.izme', 'love.gimmay']
2026-07-13 23:04:02,593 [chunk_size=5] 126/240: searching ['sapphire.chang', 'ellakulit18', 'frankiiidolo', 'marieldalida05', 'moon120400']
2026-07-13 23:04:02,782 Rate limited (attempt 1/3). Waiting 15.8s...
2026-07-13 23:04:18,699 Rate limited (attempt 2/3). Waiting 30.4s...
2026-07-13 23:05:21,024 [chunk_size=5] 127/240: searching ['viaaustria', 'yvavyyy', 'jeklydi23', 'ashting1', 'elianaaa.16']
2026-07-13 23:05:53,023 [chunk_size=5] 128/240: searching ['glamourpicks101', 'kathryn.shop.ph', 'alley_rmt', 'cathpfranco', 'joanapaper']
2026-07-13 23:06:24,712 [chunk_size=5] 129/240: searching ['iam.claudine.co', 'encabomj17', 'sheesarino', 'solssoulshop', 'elyssaolazo_']
2026-07-13 23:06:24,920 Rate limited (attempt 1/3). Waiting 15.0s...
2026-07-13 23:06:40,106 Rate limited (attempt 2/3). Waiting 30.1s...
2026-07-13 23:07:41,492 [chunk_size=5] 130/240: searching ['itsgeminigirly', 'kylyboi', 'glowtabyxiang', 'sai_dela_torre', 'rhaeanne21']
2026-07-13 23:08:13,196 [chunk_size=5] 131/240: searching ['shainadenniz', 'doydoyshop', 'findzzz09', 'supereynaaa', 'arielgongona']
2026-07-13 23:08:44,936 [chunk_size=5] 132/240: searching ['jjsnlo', 'ig.yourstrulynezxoxo', 'crisha.camilet', 'gwapa.finds', 'markluis546']
2026-07-13 23:08:45,100 Rate limited (attempt 1/3). Waiting 15.0s...
2026-07-13 23:09:00,220 Rate limited (attempt 2/3). Waiting 30.1s...
2026-07-13 23:10:01,541 [chunk_size=5] 133/240: searching ['maribel.a072', 'larquipz', 'iwantproblemsalways4', 'ricamaecastelo1', 'itsjulierecos']
2026-07-13 23:10:32,946 [chunk_size=5] 134/240: searching ['ii.zaharaaa', 'itsdianne.ugc', 'babycutiepi3', 'docglanee', 'deseveee']
2026-07-13 23:10:33,118 Rate limited (attempt 1/3). Waiting 15.4s...
2026-07-13 23:11:19,789 [chunk_size=5] 135/240: searching ['zee_q8', 'rexanderoco24', 'alaizaaad', 'lorcubes', 'renderandreview']
2026-07-13 23:11:19,965 Rate limited (attempt 1/3). Waiting 15.1s...
2026-07-13 23:11:35,234 Rate limited (attempt 2/3). Waiting 30.2s...
2026-07-13 23:12:05,631   ⚠️  Still rate-limited after 3 attempts — giving up for now.
2026-07-13 23:12:05,636   ⚠️  Search failed: {'code': 36009002, 'data': None, 'message': 'Too many requests for downstream. You’ve made too many requests in a short period of time. For more details: https://m.tiktok.shop/s/AIu6dbFhs2XW', 'request_id': '202607132312054EF7ACD9BF1C3275F6FE'}
2026-07-13 23:12:05,636   Cooling down an extra 60s before the next chunk...
2026-07-13 23:13:35,714 [chunk_size=5] 136/240: searching ['ariellemybabyy', 'angelamada10', 'iam_iwa', 'yannafindsofficial', 'polaaafnds']
2026-07-13 23:13:35,900 Rate limited (attempt 1/3). Waiting 15.3s...
2026-07-13 23:14:22,862 [chunk_size=5] 137/240: searching ['urzee0', 'youfound_me444', 'ig.dianyyy6', 'mariz.alejandro', 'anneeloveeuuu']
2026-07-13 23:14:23,021 Rate limited (attempt 1/3). Waiting 15.2s...
2026-07-13 23:15:09,679 [chunk_size=5] 138/240: searching ['pia_divine', '_marjorie888', 'micaaahgiron', 'axel2517', 'jennyrualmocera']
2026-07-13 23:15:09,893 Rate limited (attempt 1/3). Waiting 15.4s...
2026-07-13 23:15:56,589 [chunk_size=5] 139/240: searching ['koolnik', 'mk.ugcc', 'hazelbriones_', 'pepemartonline', 'jooreign']
2026-07-13 23:15:56,769 Rate limited (attempt 1/3). Waiting 15.4s...
2026-07-13 23:16:43,915 [chunk_size=5] 140/240: searching ['hinataelka', 'dolphskieperico', 'shanezyerra', 'mr_enchongdee', 'sangibear']
2026-07-13 23:16:44,080 Rate limited (attempt 1/3). Waiting 15.2s...
2026-07-13 23:17:30,735 [chunk_size=5] 141/240: searching ['rnicolramos', 'mohammadbagulmagnao', 'melveegonzales', 'sueanddana_shop', 'm.a.recto']
2026-07-13 23:18:02,411 [chunk_size=5] 142/240: searching ['mommychyle', 'romelyn1123', 'aestheticfinds1204', 'mr_lorbs1', 'hiddenleaf_finds']
2026-07-13 23:18:34,065 [chunk_size=5] 143/240: searching ['daragangmagayon06', 'bhebheloves_12', 'halimuyacee', '23tin04', 'arjay.austria']
2026-07-13 23:18:34,233 Rate limited (attempt 1/3). Waiting 15.4s...
2026-07-13 23:19:20,922 [chunk_size=5] 144/240: searching ['malusog_na_juan', 'apple_winterr', 'findsbykaryle', 'kristine.shop.ph', 'elizabetz23']
2026-07-13 23:19:21,128 Rate limited (attempt 1/3). Waiting 15.2s...
2026-07-13 23:20:07,511 [chunk_size=5] 145/240: searching ['zephyr5715', 'kajaebulan15', 'alagang.pinoy', 'lizel.namay', 'queen2to']
2026-07-13 23:20:07,656 Rate limited (attempt 1/3). Waiting 15.0s...
2026-07-13 23:20:22,849 Rate limited (attempt 2/3). Waiting 30.0s...
2026-07-13 23:20:53,045   ⚠️  Still rate-limited after 3 attempts — giving up for now.
2026-07-13 23:20:53,046   ⚠️  Search failed: {'code': 36009002, 'data': None, 'message': 'Too many requests for downstream. You’ve made too many requests in a short period of time. For more details: https://m.tiktok.shop/s/AIu6dbFhs2XW', 'request_id': '202607132320529231DAE1EFBACC76C7A1'}
2026-07-13 23:20:53,046   Cooling down an extra 60s before the next chunk...
2026-07-13 23:22:23,118 [chunk_size=5] 146/240: searching ['joannav___', 'mchefaybsherbal', 'favefindsshop06', 'muchmuch.12', 'felarcashop']
2026-07-13 23:22:55,121 [chunk_size=5] 147/240: searching ['joedelyn1998', 'inoue2899.ph', 'emee_pena.81724', 'shopni_eulane', 'julierecommends']
2026-07-13 23:23:27,008 [chunk_size=5] 148/240: searching ['sai_mompreneur', 'waves_2000', 'migsmadrigal', 'krismhar4', 'chefaybsparagislivehosts']
2026-07-13 23:23:27,177 Rate limited (attempt 1/3). Waiting 15.0s...
2026-07-13 23:24:13,624 [chunk_size=5] 149/240: searching ['sahjhocel19', 'rey.cool95', 'may.1011', 'crispin.sillan', 'mommyjeanandbella']
2026-07-13 23:24:45,580 [chunk_size=5] 150/240: searching ['aivideoss118', 'sulitdeals1', 'oohtellytelly', 'paupelaez_', 'kimdiacoma1999']
2026-07-13 23:25:17,239 [chunk_size=5] 151/240: searching ['lovestphniee', 'bingqgarcia', 'shiro_gal', 'ziah.246', 'ywnylapal']
2026-07-13 23:25:49,405 [chunk_size=5] 152/240: searching ['dr.kathniel', 'haisley.a', 'dap.gg', 'ratbuchopchop', 'xoxo.max2']
2026-07-13 23:26:20,781 [chunk_size=5] 153/240: searching ['ciannedominguez', 'prietoantiolasuma', 'valleza.01', 'itsmegrey_15', 'dailyoshop']
2026-07-13 23:26:20,922 Rate limited (attempt 1/3). Waiting 15.6s...
2026-07-13 23:26:36,638 Rate limited (attempt 2/3). Waiting 30.4s...
2026-07-13 23:27:39,437 [chunk_size=5] 154/240: searching ['aideks0', 'everythingfromlala', 'clickshopping12', 'loveljeyvs', 'nelshaaa03']
2026-07-13 23:28:10,722 [chunk_size=5] 155/240: searching ['sashopph', 'nathaliemae420', 'dilarayazz29', 'cring.shop', 'glowwithexzon']
2026-07-13 23:28:10,919 Rate limited (attempt 1/3). Waiting 15.2s...
2026-07-13 23:28:57,814 [chunk_size=5] 156/240: searching ['rianaej_', 'kamilafinds', 'diazleslies', 'aviannaasreco', 'ariellepowder']
2026-07-13 23:28:58,073 Rate limited (attempt 1/3). Waiting 15.2s...
2026-07-13 23:29:44,908 [chunk_size=5] 157/240: searching ['elleshop1818', 'lexkiel3', 'angelmoks1', '_shoprose', 'thisisjewelll']
2026-07-13 23:29:45,156 Rate limited (attempt 1/3). Waiting 15.9s...
2026-07-13 23:30:01,244 Rate limited (attempt 2/3). Waiting 30.9s...
2026-07-13 23:31:03,872 [chunk_size=5] 158/240: searching ['franciaabcyn', 'tito.kenet', 'kusinadavao', 'ms.pinkish25', 'machetegoldphilippines']
2026-07-13 23:31:04,076 Rate limited (attempt 1/3). Waiting 15.6s...
2026-07-13 23:31:50,894 [chunk_size=5] 159/240: searching ['rgnadreaa', 'laurenmarie213', 'ms.gerelieofficial', 'ac.lagunzad', 'olivereugenkretz']
2026-07-13 23:31:51,012 Rate limited (attempt 1/3). Waiting 15.1s...
2026-07-13 23:32:37,554 [chunk_size=5] 160/240: searching ['kateabion', 'izmesasang', 'jepandjay', 'momma_april6', 'levitior']
2026-07-13 23:32:37,746 Rate limited (attempt 1/3). Waiting 15.9s...
