2026-07-20 19:30:47,863 Rate limited (attempt 1/100). Waiting 15.1s...
2026-07-20 19:31:03,968 Page 1: 20 creator(s) (total so far: 20). page_token='b2Zmc2V0PTIw'
2026-07-20 19:31:09,516 Page 2: 20 creator(s) (total so far: 40). page_token='b2Zmc2V0PTQw'
2026-07-20 19:31:15,156 Page 3: 20 creator(s) (total so far: 60). page_token='b2Zmc2V0PTYw'
2026-07-20 19:31:20,783 Page 4: 20 creator(s) (total so far: 80). page_token='b2Zmc2V0PTgw'
2026-07-20 19:31:25,887 Rate limited (attempt 1/100). Waiting 16.0s...
2026-07-20 19:31:42,026 Rate limited (attempt 2/100). Waiting 30.2s...
2026-07-20 19:32:13,110 Rate limited (attempt 3/100). Waiting 45.0s...
2026-07-20 19:32:58,753 Page 5: 20 creator(s) (total so far: 100). page_token='b2Zmc2V0PTEwMA=='
2026-07-20 19:33:03,904 Rate limited (attempt 1/100). Waiting 15.1s...
2026-07-20 19:33:19,609 Page 6: 20 creator(s) (total so far: 120). page_token='b2Zmc2V0PTEyMA=='
2026-07-20 19:33:24,731 Rate limited (attempt 1/100). Waiting 15.2s...
2026-07-20 19:33:40,620 Page 7: 20 creator(s) (total so far: 140). page_token='b2Zmc2V0PTE0MA=='
2026-07-20 19:33:45,710 Rate limited (attempt 1/100). Waiting 15.4s...
2026-07-20 19:34:01,765 Page 8: 20 creator(s) (total so far: 160). page_token='b2Zmc2V0PTE2MA=='
2026-07-20 19:34:06,966 Rate limited (attempt 1/100). Waiting 15.9s...
2026-07-20 19:34:23,605 Page 9: 20 creator(s) (total so far: 180). page_token='b2Zmc2V0PTE4MA=='
2026-07-20 19:34:28,706 Rate limited (attempt 1/100). Waiting 15.6s...
2026-07-20 19:34:44,924 Page 10: 20 creator(s) (total so far: 200). page_token='b2Zmc2V0PTIwMA=='
2026-07-20 19:34:50,885 Page 11: 20 creator(s) (total so far: 220). page_token='b2Zmc2V0PTIyMA=='
2026-07-20 19:34:56,558 Page 12: 20 creator(s) (total so far: 240). page_token='b2Zmc2V0PTI0MA=='
2026-07-20 19:35:01,680 Rate limited (attempt 1/100). Waiting 15.6s...
2026-07-20 19:35:17,960 Page 13: 20 creator(s) (total so far: 260). page_token='b2Zmc2V0PTI2MA=='
2026-07-20 19:35:23,645 Page 14: 20 creator(s) (total so far: 280). page_token='b2Zmc2V0PTI4MA=='
2026-07-20 19:35:28,774 Rate limited (attempt 1/100). Waiting 15.6s...
2026-07-20 19:35:44,963 Page 15: 20 creator(s) (total so far: 300). page_token='b2Zmc2V0PTMwMA=='
2026-07-20 19:35:50,606 Page 16: 20 creator(s) (total so far: 320). page_token='b2Zmc2V0PTMyMA=='
2026-07-20 19:35:55,703 Rate limited (attempt 1/100). Waiting 15.2s...
2026-07-20 19:36:11,977 Page 17: 20 creator(s) (total so far: 340). page_token='b2Zmc2V0PTM0MA=='
2026-07-20 19:36:17,672 Page 18: 20 creator(s) (total so far: 360). page_token='b2Zmc2V0PTM2MA=='
2026-07-20 19:36:22,800 Rate limited (attempt 1/100). Waiting 15.7s...
2026-07-20 19:36:38,632 Rate limited (attempt 2/100). Waiting 30.5s...
2026-07-20 19:37:09,831 Page 19: 20 creator(s) (total so far: 380). page_token='b2Zmc2V0PTM4MA=='
2026-07-20 19:37:14,941 Rate limited (attempt 1/100). Waiting 15.8s...
2026-07-20 19:37:30,840 Rate limited (attempt 2/100). Waiting 30.5s...
2026-07-20 19:38:01,470 Rate limited (attempt 3/100). Waiting 45.1s...
2026-07-20 19:38:46,680 Rate limited (attempt 4/100). Waiting 45.1s...
2026-07-20 19:39:31,874 Rate limited (attempt 5/100). Waiting 45.0s...
2026-07-20 19:40:16,972 Rate limited (attempt 6/100). Waiting 45.8s...
2026-07-20 19:41:02,861 Rate limited (attempt 7/100). Waiting 45.1s...
2026-07-20 19:41:48,681 Page 20: 20 creator(s) (total so far: 400). page_token='b2Zmc2V0PTQwMA=='
2026-07-20 19:41:53,784 Rate limited (attempt 1/100). Waiting 15.9s...
2026-07-20 19:42:09,835 Rate limited (attempt 2/100). Waiting 30.7s...
2026-07-20 19:42:40,675 Rate limited (attempt 3/100). Waiting 45.7s...
2026-07-20 19:43:26,507 Rate limited (attempt 4/100). Waiting 45.4s...
2026-07-20 19:44:12,568 Page 21: 20 creator(s) (total so far: 420). page_token='b2Zmc2V0PTQyMA=='
2026-07-20 19:44:17,677 Rate limited (attempt 1/100). Waiting 15.4s...
2026-07-20 19:44:33,633 Page 22: 20 creator(s) (total so far: 440). page_token='b2Zmc2V0PTQ0MA=='
2026-07-20 19:44:38,723 Rate limited (attempt 1/100). Waiting 15.7s...
2026-07-20 19:44:54,518 Rate limited (attempt 2/100). Waiting 30.0s...
2026-07-20 19:45:24,624 Rate limited (attempt 3/100). Waiting 45.9s...
2026-07-20 19:46:10,653 Rate limited (attempt 4/100). Waiting 45.8s...
2026-07-20 19:46:56,628 Rate limited (attempt 5/100). Waiting 45.7s...
2026-07-20 19:47:42,473 Rate limited (attempt 6/100). Waiting 45.2s...
2026-07-20 19:48:27,786 Rate limited (attempt 7/100). Waiting 45.5s...
2026-07-20 19:49:13,373 Rate limited (attempt 8/100). Waiting 45.5s...
2026-07-20 19:49:59,580 Page 23: 20 creator(s) (total so far: 460). page_token='b2Zmc2V0PTQ2MA=='
2026-07-20 19:50:05,262 Page 24: 20 creator(s) (total so far: 480). page_token='b2Zmc2V0PTQ4MA=='
2026-07-20 19:50:10,384 Rate limited (attempt 1/100). Waiting 15.6s...
2026-07-20 19:50:26,607 Page 25: 20 creator(s) (total so far: 500). page_token='b2Zmc2V0PTUwMA=='
2026-07-20 19:50:31,886 Rate limited (attempt 1/100). Waiting 15.8s...
2026-07-20 19:50:47,831 Rate limited (attempt 2/100). Waiting 30.6s...
2026-07-20 19:51:18,599 Rate limited (attempt 3/100). Waiting 45.2s...
2026-07-20 19:52:03,967 Rate limited (attempt 4/100). Waiting 45.7s...
2026-07-20 19:52:49,891 Rate limited (attempt 5/100). Waiting 45.7s...
2026-07-20 19:53:36,401 Page 26: 20 creator(s) (total so far: 520). page_token='b2Zmc2V0PTUyMA=='
2026-07-20 19:53:45,793 Page 27: 20 creator(s) (total so far: 540). page_token='b2Zmc2V0PTU0MA=='
2026-07-20 19:53:50,874 Rate limited (attempt 1/100). Waiting 15.3s...
2026-07-20 19:54:07,017 Page 28: 20 creator(s) (total so far: 560). page_token='b2Zmc2V0PTU2MA=='
2026-07-20 19:54:13,875 Page 29: 20 creator(s) (total so far: 580). page_token='b2Zmc2V0PTU4MA=='
2026-07-20 19:54:18,965 Rate limited (attempt 1/100). Waiting 15.2s...
2026-07-20 19:54:34,931 Page 30: 20 creator(s) (total so far: 600). page_token='b2Zmc2V0PTYwMA=='
2026-07-20 19:54:40,557 Page 31: 20 creator(s) (total so far: 620). page_token='b2Zmc2V0PTYyMA=='
2026-07-20 19:54:45,676 Rate limited (attempt 1/100). Waiting 15.4s...
2026-07-20 19:55:01,759 Page 32: 20 creator(s) (total so far: 640). page_token='b2Zmc2V0PTY0MA=='
2026-07-20 19:55:06,869 Rate limited (attempt 1/100). Waiting 15.1s...
2026-07-20 19:55:22,614 Page 33: 20 creator(s) (total so far: 660). page_token='b2Zmc2V0PTY2MA=='
2026-07-20 19:55:27,753 Rate limited (attempt 1/100). Waiting 15.5s...
2026-07-20 19:55:43,895 Page 34: 20 creator(s) (total so far: 680). page_token='b2Zmc2V0PTY4MA=='
2026-07-20 19:55:49,692 Page 35: 20 creator(s) (total so far: 700). page_token='b2Zmc2V0PTcwMA=='
2026-07-20 19:55:54,819 Rate limited (attempt 1/100). Waiting 15.8s...
2026-07-20 19:56:10,831 Rate limited (attempt 2/100). Waiting 30.8s...
2026-07-20 19:56:41,751 Rate limited (attempt 3/100). Waiting 45.7s...
2026-07-20 19:57:27,572 Rate limited (attempt 4/100). Waiting 46.0s...
2026-07-20 19:58:13,669 Rate limited (attempt 5/100). Waiting 45.2s...
2026-07-20 19:58:59,525 Page 36: 20 creator(s) (total so far: 720). page_token='b2Zmc2V0PTcyMA=='
2026-07-20 19:59:04,604 Rate limited (attempt 1/100). Waiting 15.8s...
2026-07-20 19:59:20,585 Rate limited (attempt 2/100). Waiting 30.2s...
2026-07-20 19:59:50,871 Rate limited (attempt 3/100). Waiting 45.1s...
2026-07-20 20:00:36,872 Page 37: 20 creator(s) (total so far: 740). page_token='b2Zmc2V0PTc0MA=='
2026-07-20 20:00:42,021 Rate limited (attempt 1/100). Waiting 15.5s...
2026-07-20 20:00:57,714 Rate limited (attempt 2/100). Waiting 30.2s...
2026-07-20 20:01:28,559 Page 38: 20 creator(s) (total so far: 760). page_token='b2Zmc2V0PTc2MA=='
2026-07-20 20:01:33,738 Rate limited (attempt 1/100). Waiting 15.6s...
2026-07-20 20:01:49,479 Rate limited (attempt 2/100). Waiting 30.9s...
2026-07-20 20:02:20,502 Rate limited (attempt 3/100). Waiting 45.8s...
2026-07-20 20:03:06,790 Page 39: 6 creator(s) (total so far: 766). page_token=''
2026-07-20 20:03:06,790 
Done. 766 creator(s) collected this run (766 total in manifest).
2026-07-20 20:03:06,791 Checkpoint cleared — search complete.
2026-07-20 20:05:07,616 Rate limited (attempt 1/100). Waiting 15.3s...
2026-07-20 20:05:23,656 Page 1: 20 creator(s) (total so far: 786). page_token='b2Zmc2V0PTIw'
2026-07-20 20:05:28,750 Rate limited (attempt 1/100). Waiting 15.1s...
2026-07-20 20:05:43,967 Rate limited (attempt 2/100). Waiting 30.8s...
2026-07-20 20:06:14,890 Rate limited (attempt 3/100). Waiting 45.9s...
2026-07-20 20:07:01,512 Page 2: 20 creator(s) (total so far: 806). page_token='b2Zmc2V0PTQw'
2026-07-20 20:07:06,591 Rate limited (attempt 1/100). Waiting 15.1s...
2026-07-20 20:07:21,764 Rate limited (attempt 2/100). Waiting 31.0s...
2026-07-20 20:07:52,853 Rate limited (attempt 3/100). Waiting 45.6s...
2026-07-20 20:08:38,585 Rate limited (attempt 4/100). Waiting 45.1s...
2026-07-20 20:09:23,842 Rate limited (attempt 5/100). Waiting 46.0s...
2026-07-20 20:10:09,984 Rate limited (attempt 6/100). Waiting 45.2s...
2026-07-20 20:10:56,263 Page 3: 20 creator(s) (total so far: 826). page_token='b2Zmc2V0PTYw'
2026-07-20 20:11:01,398 Rate limited (attempt 1/100). Waiting 15.1s...
2026-07-20 20:11:16,762 Rate limited (attempt 2/100). Waiting 30.2s...
2026-07-20 20:11:47,615 Page 4: 20 creator(s) (total so far: 846). page_token='b2Zmc2V0PTgw'
2026-07-20 20:11:52,754 Rate limited (attempt 1/100). Waiting 15.3s...
2026-07-20 20:12:08,758 Page 5: 20 creator(s) (total so far: 866). page_token='b2Zmc2V0PTEwMA=='
2026-07-20 20:12:13,835 Rate limited (attempt 1/100). Waiting 15.9s...
2026-07-20 20:12:30,001 Rate limited (attempt 2/100). Waiting 31.0s...
2026-07-20 20:13:01,744 Page 6: 20 creator(s) (total so far: 886). page_token='b2Zmc2V0PTEyMA=='
2026-07-20 20:13:06,844 Rate limited (attempt 1/100). Waiting 15.0s...
2026-07-20 20:13:22,747 Page 7: 20 creator(s) (total so far: 906). page_token='b2Zmc2V0PTE0MA=='
2026-07-20 20:13:27,854 Rate limited (attempt 1/100). Waiting 15.7s...
2026-07-20 20:13:43,808 Rate limited (attempt 2/100). Waiting 30.0s...
2026-07-20 20:14:14,563 Page 8: 20 creator(s) (total so far: 926). page_token='b2Zmc2V0PTE2MA=='
2026-07-20 20:14:19,700 Rate limited (attempt 1/100). Waiting 15.6s...
2026-07-20 20:14:36,061 Page 9: 20 creator(s) (total so far: 946). page_token='b2Zmc2V0PTE4MA=='
2026-07-20 20:14:41,681 Page 10: 20 creator(s) (total so far: 966). page_token='b2Zmc2V0PTIwMA=='
2026-07-20 20:14:46,828 Rate limited (attempt 1/100). Waiting 15.0s...
2026-07-20 20:15:02,662 Page 11: 20 creator(s) (total so far: 986). page_token='b2Zmc2V0PTIyMA=='
2026-07-20 20:15:08,526 Page 12: 20 creator(s) (total so far: 1006). page_token='b2Zmc2V0PTI0MA=='
2026-07-20 20:15:14,284 Page 13: 20 creator(s) (total so far: 1026). page_token='b2Zmc2V0PTI2MA=='
2026-07-20 20:15:20,104 Page 14: 20 creator(s) (total so far: 1046). page_token='b2Zmc2V0PTI4MA=='
2026-07-20 20:15:25,692 Page 15: 20 creator(s) (total so far: 1066). page_token='b2Zmc2V0PTMwMA=='
2026-07-20 20:15:30,891 Rate limited (attempt 1/100). Waiting 15.8s...
2026-07-20 20:15:47,408 Page 16: 20 creator(s) (total so far: 1086). page_token='b2Zmc2V0PTMyMA=='
2026-07-20 20:15:53,095 Page 17: 20 creator(s) (total so far: 1106). page_token='b2Zmc2V0PTM0MA=='
2026-07-20 20:15:58,880 Page 18: 20 creator(s) (total so far: 1126). page_token='b2Zmc2V0PTM2MA=='
2026-07-20 20:16:04,502 Page 19: 20 creator(s) (total so far: 1146). page_token='b2Zmc2V0PTM4MA=='
2026-07-20 20:16:09,699 Rate limited (attempt 1/100). Waiting 15.7s...
2026-07-20 20:16:25,987 Page 20: 5 creator(s) (total so far: 1151). page_token=''
2026-07-20 20:16:25,988 
Done. 385 creator(s) collected this run (1151 total in manifest).
2026-07-20 20:16:25,989 Checkpoint cleared — search complete.
2026-07-20 21:50:26,809 
>>> Pairing 1/2: GMV_RANGE_10000_AND_ABOVE-UNITS_SOLD_RANGE_100_1000
2026-07-20 21:50:28,010 Page 1: 20 creator(s) (total so far: 20). page_token='b2Zmc2V0PTIw'
2026-07-20 21:50:33,716 Page 2: 20 creator(s) (total so far: 40). page_token='b2Zmc2V0PTQw'
2026-07-20 21:50:38,815 Rate limited (attempt 1/100). Waiting 15.7s...
2026-07-20 21:50:54,770 Rate limited (attempt 2/100). Waiting 30.3s...
2026-07-20 21:51:25,910 Page 3: 20 creator(s) (total so far: 60). page_token='b2Zmc2V0PTYw'
2026-07-20 21:51:31,655 Page 4: 20 creator(s) (total so far: 80). page_token='b2Zmc2V0PTgw'
2026-07-20 21:51:36,786 Rate limited (attempt 1/100). Waiting 15.0s...
2026-07-20 21:51:52,632 Page 5: 20 creator(s) (total so far: 100). page_token='b2Zmc2V0PTEwMA=='
2026-07-20 21:51:57,759 Rate limited (attempt 1/100). Waiting 15.7s...
2026-07-20 21:52:13,692 Rate limited (attempt 2/100). Waiting 30.3s...
2026-07-20 21:52:44,714 Page 6: 20 creator(s) (total so far: 120). page_token='b2Zmc2V0PTEyMA=='
2026-07-20 21:52:49,832 Rate limited (attempt 1/100). Waiting 15.4s...
2026-07-20 21:53:06,142 Page 7: 20 creator(s) (total so far: 140). page_token='b2Zmc2V0PTE0MA=='
2026-07-20 21:53:11,830 Page 8: 20 creator(s) (total so far: 160). page_token='b2Zmc2V0PTE2MA=='
2026-07-20 21:53:16,937 Rate limited (attempt 1/100). Waiting 15.5s...
2026-07-20 21:53:32,611 Rate limited (attempt 2/100). Waiting 30.2s...
2026-07-20 21:54:02,977 Rate limited (attempt 3/100). Waiting 45.9s...
2026-07-20 21:54:49,728 Page 9: 20 creator(s) (total so far: 180). page_token='b2Zmc2V0PTE4MA=='
2026-07-20 21:54:54,897 Rate limited (attempt 1/100). Waiting 15.3s...
2026-07-20 21:55:10,878 Page 10: 20 creator(s) (total so far: 200). page_token='b2Zmc2V0PTIwMA=='
2026-07-20 21:55:16,669 Page 11: 20 creator(s) (total so far: 220). page_token='b2Zmc2V0PTIyMA=='
2026-07-20 21:55:21,803 Rate limited (attempt 1/100). Waiting 15.1s...
2026-07-20 21:55:37,718 Page 12: 20 creator(s) (total so far: 240). page_token='b2Zmc2V0PTI0MA=='
2026-07-20 21:55:42,849 Rate limited (attempt 1/100). Waiting 15.4s...
2026-07-20 21:55:59,076 Page 13: 20 creator(s) (total so far: 260). page_token='b2Zmc2V0PTI2MA=='
2026-07-20 21:56:04,757 Page 14: 20 creator(s) (total so far: 280). page_token='b2Zmc2V0PTI4MA=='
2026-07-20 21:56:09,920 Rate limited (attempt 1/100). Waiting 15.1s...
2026-07-20 21:56:25,788 Page 15: 20 creator(s) (total so far: 300). page_token='b2Zmc2V0PTMwMA=='
2026-07-20 21:56:30,891 Rate limited (attempt 1/100). Waiting 15.1s...
2026-07-20 21:56:46,234 Rate limited (attempt 2/100). Waiting 31.0s...
2026-07-20 21:57:17,654 Rate limited (attempt 3/100). Waiting 45.6s...
2026-07-20 21:58:03,925 Page 16: 20 creator(s) (total so far: 320). page_token='b2Zmc2V0PTMyMA=='
2026-07-20 21:58:09,647 Page 17: 20 creator(s) (total so far: 340). page_token='b2Zmc2V0PTM0MA=='
2026-07-20 21:58:14,783 Rate limited (attempt 1/100). Waiting 15.3s...
2026-07-20 21:58:30,820 Page 18: 20 creator(s) (total so far: 360). page_token='b2Zmc2V0PTM2MA=='
2026-07-20 21:58:36,683 Page 19: 20 creator(s) (total so far: 380). page_token='b2Zmc2V0PTM4MA=='
2026-07-20 21:58:41,779 Rate limited (attempt 1/100). Waiting 15.3s...
2026-07-20 21:58:57,772 Page 20: 5 creator(s) (total so far: 385). page_token=''
2026-07-20 21:58:57,774 
>>> Pairing 2/2: GMV_RANGE_10000_AND_ABOVE-UNITS_SOLD_RANGE_1000_AND_ABOVE
2026-07-20 21:58:57,923 Rate limited (attempt 1/100). Waiting 15.5s...
2026-07-20 21:59:13,637 Rate limited (attempt 2/100). Waiting 30.8s...
2026-07-20 21:59:44,658 Rate limited (attempt 3/100). Waiting 45.3s...
2026-07-20 22:00:33,089 Page 1: 20 creator(s) (total so far: 405). page_token='b2Zmc2V0PTIw'
2026-07-20 22:00:38,892 Page 2: 20 creator(s) (total so far: 425). page_token='b2Zmc2V0PTQw'
2026-07-20 22:00:44,779 Page 3: 20 creator(s) (total so far: 445). page_token='b2Zmc2V0PTYw'
2026-07-20 22:00:49,880 Rate limited (attempt 1/100). Waiting 15.2s...
2026-07-20 22:01:05,939 Page 4: 20 creator(s) (total so far: 465). page_token='b2Zmc2V0PTgw'
2026-07-20 22:01:11,712 Page 5: 20 creator(s) (total so far: 485). page_token='b2Zmc2V0PTEwMA=='
2026-07-20 22:01:16,895 Rate limited (attempt 1/100). Waiting 15.1s...
2026-07-20 22:01:32,956 Page 6: 20 creator(s) (total so far: 505). page_token='b2Zmc2V0PTEyMA=='
2026-07-20 22:01:38,718 Page 7: 20 creator(s) (total so far: 525). page_token='b2Zmc2V0PTE0MA=='
2026-07-20 22:01:43,882 Rate limited (attempt 1/100). Waiting 15.4s...
2026-07-20 22:02:00,970 Page 8: 20 creator(s) (total so far: 545). page_token='b2Zmc2V0PTE2MA=='
2026-07-20 22:02:06,646 Page 9: 20 creator(s) (total so far: 565). page_token='b2Zmc2V0PTE4MA=='
2026-07-20 22:02:11,907 Rate limited (attempt 1/100). Waiting 15.8s...
2026-07-20 22:02:28,631 Page 10: 20 creator(s) (total so far: 585). page_token='b2Zmc2V0PTIwMA=='
2026-07-20 22:02:33,796 Rate limited (attempt 1/100). Waiting 15.3s...
2026-07-20 22:02:49,803 Page 11: 20 creator(s) (total so far: 605). page_token='b2Zmc2V0PTIyMA=='
2026-07-20 22:02:54,937 Rate limited (attempt 1/100). Waiting 15.7s...
2026-07-20 22:03:10,813 Rate limited (attempt 2/100). Waiting 30.6s...
2026-07-20 22:03:42,178 Page 12: 20 creator(s) (total so far: 625). page_token='b2Zmc2V0PTI0MA=='
2026-07-20 22:03:48,030 Page 13: 20 creator(s) (total so far: 645). page_token='b2Zmc2V0PTI2MA=='
2026-07-20 22:03:53,915 Page 14: 20 creator(s) (total so far: 665). page_token='b2Zmc2V0PTI4MA=='
2026-07-20 22:03:59,579 Page 15: 20 creator(s) (total so far: 685). page_token='b2Zmc2V0PTMwMA=='
2026-07-20 22:04:04,767 Rate limited (attempt 1/100). Waiting 15.0s...
2026-07-20 22:04:19,885 Rate limited (attempt 2/100). Waiting 30.6s...
2026-07-20 22:04:52,739 Rate limited (attempt 3/100). Waiting 45.6s...
2026-07-20 22:05:38,617 Rate limited (attempt 4/100). Waiting 45.6s...
2026-07-20 22:06:25,348 Page 16: 20 creator(s) (total so far: 705). page_token='b2Zmc2V0PTMyMA=='
2026-07-20 22:06:31,083 Page 17: 20 creator(s) (total so far: 725). page_token='b2Zmc2V0PTM0MA=='
2026-07-20 22:06:36,772 Page 18: 20 creator(s) (total so far: 745). page_token='b2Zmc2V0PTM2MA=='
2026-07-20 22:06:41,937 Rate limited (attempt 1/100). Waiting 15.0s...
2026-07-20 22:06:57,782 Page 19: 20 creator(s) (total so far: 765). page_token='b2Zmc2V0PTM4MA=='
2026-07-20 22:07:07,947 Rate limited (attempt 1/100). Waiting 15.7s...
2026-07-20 22:07:23,852 Rate limited (attempt 2/100). Waiting 30.6s...
2026-07-20 22:07:54,678 Rate limited (attempt 3/100). Waiting 45.3s...
2026-07-20 22:08:40,648 Page 20: 20 creator(s) (total so far: 785). page_token='b2Zmc2V0PTQwMA=='
2026-07-20 22:08:45,771 Rate limited (attempt 1/100). Waiting 15.2s...
2026-07-20 22:09:02,079 Page 21: 20 creator(s) (total so far: 805). page_token='b2Zmc2V0PTQyMA=='
2026-07-20 22:09:07,347 Rate limited (attempt 1/100). Waiting 15.5s...
2026-07-20 22:09:23,611 Page 22: 20 creator(s) (total so far: 825). page_token='b2Zmc2V0PTQ0MA=='
2026-07-20 22:09:28,809 Rate limited (attempt 1/100). Waiting 15.6s...
2026-07-20 22:09:44,706 Rate limited (attempt 2/100). Waiting 30.9s...
2026-07-20 22:10:15,748 Rate limited (attempt 3/100). Waiting 45.9s...
2026-07-20 22:11:02,416 Rate limited (attempt 4/100). Waiting 45.1s...
2026-07-20 22:11:47,706 Rate limited (attempt 5/100). Waiting 45.3s...
2026-07-20 22:12:34,029 Page 23: 20 creator(s) (total so far: 845). page_token='b2Zmc2V0PTQ2MA=='
2026-07-20 22:12:39,868 Page 24: 20 creator(s) (total so far: 865). page_token='b2Zmc2V0PTQ4MA=='
2026-07-20 22:12:45,613 Page 25: 20 creator(s) (total so far: 885). page_token='b2Zmc2V0PTUwMA=='
2026-07-20 22:12:50,739 Rate limited (attempt 1/100). Waiting 16.0s...
2026-07-20 22:13:06,889 Rate limited (attempt 2/100). Waiting 30.4s...
2026-07-20 22:13:37,522 Rate limited (attempt 3/100). Waiting 45.5s...
2026-07-20 22:14:23,915 Page 26: 20 creator(s) (total so far: 905). page_token='b2Zmc2V0PTUyMA=='
2026-07-20 22:14:29,706 Page 27: 20 creator(s) (total so far: 925). page_token='b2Zmc2V0PTU0MA=='
2026-07-20 22:14:34,819 Rate limited (attempt 1/100). Waiting 15.5s...
2026-07-20 22:14:50,409 Rate limited (attempt 2/100). Waiting 30.2s...
2026-07-20 22:15:20,736 Rate limited (attempt 3/100). Waiting 45.2s...
2026-07-20 22:16:06,711 Page 28: 20 creator(s) (total so far: 945). page_token='b2Zmc2V0PTU2MA=='
2026-07-20 22:16:11,820 Rate limited (attempt 1/100). Waiting 15.7s...
2026-07-20 22:16:27,828 Rate limited (attempt 2/100). Waiting 30.8s...
2026-07-20 22:16:58,812 Rate limited (attempt 3/100). Waiting 45.7s...
2026-07-20 22:17:44,639 Rate limited (attempt 4/100). Waiting 45.0s...
2026-07-20 22:18:29,895 Rate limited (attempt 5/100). Waiting 45.5s...
2026-07-20 22:19:18,090 Page 29: 20 creator(s) (total so far: 965). page_token='b2Zmc2V0PTU4MA=='
2026-07-20 22:19:23,916 Page 30: 20 creator(s) (total so far: 985). page_token='b2Zmc2V0PTYwMA=='
2026-07-20 22:19:29,813 Page 31: 20 creator(s) (total so far: 1005). page_token='b2Zmc2V0PTYyMA=='
2026-07-20 22:19:34,919 Rate limited (attempt 1/100). Waiting 15.0s...
2026-07-20 22:19:50,839 Page 32: 20 creator(s) (total so far: 1025). page_token='b2Zmc2V0PTY0MA=='
2026-07-20 22:19:55,967 Rate limited (attempt 1/100). Waiting 15.6s...
2026-07-20 22:20:11,839 Rate limited (attempt 2/100). Waiting 30.2s...
2026-07-20 22:20:42,719 Page 33: 20 creator(s) (total so far: 1045). page_token='b2Zmc2V0PTY2MA=='
2026-07-20 22:20:47,859 Rate limited (attempt 1/100). Waiting 15.8s...
2026-07-20 22:21:03,831 Rate limited (attempt 2/100). Waiting 30.7s...
2026-07-20 22:21:34,854 Rate limited (attempt 3/100). Waiting 45.6s...
2026-07-20 22:22:22,638 Rate limited (attempt 4/100). Waiting 45.6s...
2026-07-20 22:23:08,427 Rate limited (attempt 5/100). Waiting 45.9s...
2026-07-20 22:23:54,481 Rate limited (attempt 6/100). Waiting 45.3s...
2026-07-20 22:24:41,163 Page 34: 20 creator(s) (total so far: 1065). page_token='b2Zmc2V0PTY4MA=='
2026-07-20 22:24:46,790 Page 35: 20 creator(s) (total so far: 1085). page_token='b2Zmc2V0PTcwMA=='
2026-07-20 22:24:51,906 Rate limited (attempt 1/100). Waiting 15.5s...
2026-07-20 22:25:08,257 Page 36: 20 creator(s) (total so far: 1105). page_token='b2Zmc2V0PTcyMA=='
2026-07-20 22:25:13,980 Page 37: 20 creator(s) (total so far: 1125). page_token='b2Zmc2V0PTc0MA=='
2026-07-20 22:25:19,680 Page 38: 20 creator(s) (total so far: 1145). page_token='b2Zmc2V0PTc2MA=='
2026-07-20 22:25:24,800 Rate limited (attempt 1/100). Waiting 15.3s...
2026-07-20 22:25:40,358 Rate limited (attempt 2/100). Waiting 30.6s...
2026-07-20 22:26:11,801 Page 39: 20 creator(s) (total so far: 1165). page_token='b2Zmc2V0PTc4MA=='
2026-07-20 22:26:16,951 Rate limited (attempt 1/100). Waiting 15.8s...
2026-07-20 22:26:32,883 Rate limited (attempt 2/100). Waiting 30.9s...
2026-07-20 22:27:03,887 Rate limited (attempt 3/100). Waiting 45.6s...
2026-07-20 22:27:49,846 Rate limited (attempt 4/100). Waiting 45.5s...
2026-07-20 22:28:35,835 Rate limited (attempt 5/100). Waiting 45.4s...
2026-07-20 22:29:22,077 Page 40: 20 creator(s) (total so far: 1185). page_token='b2Zmc2V0PTgwMA=='
2026-07-20 22:29:27,782 Page 41: 20 creator(s) (total so far: 1205). page_token='b2Zmc2V0PTgyMA=='
2026-07-20 22:29:32,897 Rate limited (attempt 1/100). Waiting 15.1s...
2026-07-20 22:29:48,889 Page 42: 20 creator(s) (total so far: 1225). page_token='b2Zmc2V0PTg0MA=='
2026-07-20 22:29:54,731 Page 43: 20 creator(s) (total so far: 1245). page_token='b2Zmc2V0PTg2MA=='
2026-07-20 22:29:59,841 Rate limited (attempt 1/100). Waiting 15.0s...
2026-07-20 22:30:15,682 Page 44: 20 creator(s) (total so far: 1265). page_token='b2Zmc2V0PTg4MA=='
2026-07-20 22:30:20,941 Rate limited (attempt 1/100). Waiting 15.3s...
2026-07-20 22:30:36,430 Rate limited (attempt 2/100). Waiting 30.2s...
2026-07-20 22:31:06,899 Rate limited (attempt 3/100). Waiting 45.9s...
2026-07-20 22:31:53,659 Page 45: 20 creator(s) (total so far: 1285). page_token='b2Zmc2V0PTkwMA=='
2026-07-20 22:31:58,773 Rate limited (attempt 1/100). Waiting 15.4s...
2026-07-20 22:32:15,116 Page 46: 20 creator(s) (total so far: 1305). page_token='b2Zmc2V0PTkyMA=='
2026-07-20 22:32:20,825 Page 47: 20 creator(s) (total so far: 1325). page_token='b2Zmc2V0PTk0MA=='
2026-07-20 22:32:26,625 Page 48: 20 creator(s) (total so far: 1345). page_token='b2Zmc2V0PTk2MA=='
2026-07-20 22:32:31,755 Rate limited (attempt 1/100). Waiting 15.3s...
2026-07-20 22:32:47,785 Page 49: 20 creator(s) (total so far: 1365). page_token='b2Zmc2V0PTk4MA=='
2026-07-20 22:32:53,730 Page 50: 20 creator(s) (total so far: 1385). page_token='b2Zmc2V0PTEwMDA='
2026-07-20 22:32:58,837 Rate limited (attempt 1/100). Waiting 15.7s...
2026-07-20 22:33:14,703 Rate limited (attempt 2/100). Waiting 30.9s...
2026-07-20 22:33:45,746 Rate limited (attempt 3/100). Waiting 45.8s...
2026-07-20 22:34:31,742 Rate limited (attempt 4/100). Waiting 45.8s...
2026-07-20 22:35:17,804 Rate limited (attempt 5/100). Waiting 45.4s...
2026-07-20 22:36:03,433 Rate limited (attempt 6/100). Waiting 45.9s...
2026-07-20 22:36:49,651 Rate limited (attempt 7/100). Waiting 45.4s...
2026-07-20 22:37:35,278 Rate limited (attempt 8/100). Waiting 45.6s...
2026-07-20 22:38:22,725 Page 51: 20 creator(s) (total so far: 1405). page_token='b2Zmc2V0PTEwMjA='
2026-07-20 22:38:27,837 Rate limited (attempt 1/100). Waiting 15.5s...
2026-07-20 22:38:43,725 Rate limited (attempt 2/100). Waiting 30.5s...
2026-07-20 22:39:14,948 Page 52: 20 creator(s) (total so far: 1425). page_token='b2Zmc2V0PTEwNDA='
2026-07-20 22:39:21,508 Page 53: 20 creator(s) (total so far: 1445). page_token='b2Zmc2V0PTEwNjA='
2026-07-20 22:39:26,595 Rate limited (attempt 1/100). Waiting 15.5s...
2026-07-20 22:39:42,415 Rate limited (attempt 2/100). Waiting 30.2s...
2026-07-20 22:40:12,790 Rate limited (attempt 3/100). Waiting 45.0s...
2026-07-20 22:40:58,912 Page 54: 20 creator(s) (total so far: 1465). page_token='b2Zmc2V0PTEwODA='
2026-07-20 22:41:04,482 Page 55: 20 creator(s) (total so far: 1485). page_token='b2Zmc2V0PTExMDA='
2026-07-20 22:41:09,649 Rate limited (attempt 1/100). Waiting 15.2s...
2026-07-20 22:41:26,011 Page 56: 20 creator(s) (total so far: 1505). page_token='b2Zmc2V0PTExMjA='
2026-07-20 22:41:31,744 Page 57: 20 creator(s) (total so far: 1525). page_token='b2Zmc2V0PTExNDA='
2026-07-20 22:41:36,865 Rate limited (attempt 1/100). Waiting 15.6s...
2026-07-20 22:41:53,262 Page 58: 20 creator(s) (total so far: 1545). page_token='b2Zmc2V0PTExNjA='
2026-07-20 22:41:58,383 Rate limited (attempt 1/100). Waiting 15.4s...
2026-07-20 22:42:13,921 Rate limited (attempt 2/100). Waiting 30.3s...
2026-07-20 22:42:45,019 Page 59: 20 creator(s) (total so far: 1565). page_token='b2Zmc2V0PTExODA='
2026-07-20 22:42:50,710 Page 60: 20 creator(s) (total so far: 1585). page_token='b2Zmc2V0PTEyMDA='
2026-07-20 22:42:55,828 Rate limited (attempt 1/100). Waiting 15.1s...
2026-07-20 22:43:11,857 Page 61: 20 creator(s) (total so far: 1605). page_token='b2Zmc2V0PTEyMjA='
2026-07-20 22:43:16,956 Rate limited (attempt 1/100). Waiting 15.7s...
2026-07-20 22:43:34,924 Rate limited (attempt 2/100). Waiting 30.6s...
2026-07-20 22:44:05,852 Rate limited (attempt 3/100). Waiting 45.1s...
2026-07-20 22:44:51,608 Page 62: 8 creator(s) (total so far: 1613). page_token=''
2026-07-20 22:44:51,610 
Checkpoint cleared — all pairings complete.
2026-07-20 22:44:51,610 
Done. 1613 creator(s) collected this run (1613 total in manifest).
